#
# A fatal error has been detected by the Java Runtime Environment:
#
#  SIGSEGV (0xb) at pc=0x0000000106d3ef59, pid=15244, tid=259
#
# JRE version: OpenJDK Runtime Environment (15.0+36) (build 15+36-1562)
# Java VM: OpenJDK 64-Bit Server VM (15+36-1562, mixed mode, sharing, tiered, compressed oops, g1 gc, bsd-amd64)
# Problematic frame:
# C  [rsession+0xa6df59]  rstudio_boost::asio::detail::descriptor_write_op_base<rstudio_boost::asio::const_buffers_1>::do_perform(rstudio_boost::asio::detail::reactor_op*)+0x11def9
#
# No core dump will be written. Core dumps have been disabled. To enable core dumping, try "ulimit -c unlimited" before starting Java again
#
# If you would like to submit a bug report, please visit:
#   https://bugreport.java.com/bugreport/crash.jsp
# The crash happened outside the Java Virtual Machine in native code.
# See problematic frame for where to report the bug.
#

---------------  S U M M A R Y ------------

Command Line: -Djava.awt.headless=true -Xmx512m -Xrs vfprintf exit -Xss2m 

Host: MacBookPro15,2 x86_64 2400 MHz, 8 cores, 8G, Darwin 20.5.0
Time: Tue Aug 17 11:00:27 2021 AEST elapsed time: 9702.464855 seconds (0d 2h 41m 42s)

---------------  T H R E A D  ---------------

Current thread (0x00007fad90ecd800):  JavaThread "main" [_thread_in_native, id=259, stack(0x00007ffee912f000,0x00007ffee992f000)]

Stack: [0x00007ffee912f000,0x00007ffee992f000],  sp=0x00007ffee991d8a0,  free space=8122k
Native frames: (J=compiled Java code, A=aot compiled Java code, j=interpreted, Vv=VM code, C=native code)
C  [rsession+0xa6df59]  rstudio_boost::asio::detail::descriptor_write_op_base<rstudio_boost::asio::const_buffers_1>::do_perform(rstudio_boost::asio::detail::reactor_op*)+0x11def9
C  [rsession+0xa6dc76]  rstudio_boost::asio::detail::descriptor_write_op_base<rstudio_boost::asio::const_buffers_1>::do_perform(rstudio_boost::asio::detail::reactor_op*)+0x11dc16
C  [rsession+0xa1a85f]  rstudio_boost::asio::detail::descriptor_write_op_base<rstudio_boost::asio::const_buffers_1>::do_perform(rstudio_boost::asio::detail::reactor_op*)+0xca7ff
C  [rsession+0x9f1756]  rstudio_boost::asio::detail::descriptor_write_op_base<rstudio_boost::asio::const_buffers_1>::do_perform(rstudio_boost::asio::detail::reactor_op*)+0xa16f6
C  [rsession+0x9d2636]  rstudio_boost::asio::detail::descriptor_write_op_base<rstudio_boost::asio::const_buffers_1>::do_perform(rstudio_boost::asio::detail::reactor_op*)+0x825d6
C  [rsession+0x9d64a4]  rstudio_boost::asio::detail::descriptor_write_op_base<rstudio_boost::asio::const_buffers_1>::do_perform(rstudio_boost::asio::detail::reactor_op*)+0x86444
C  [rsession+0x9d75f2]  rstudio_boost::asio::detail::descriptor_write_op_base<rstudio_boost::asio::const_buffers_1>::do_perform(rstudio_boost::asio::detail::reactor_op*)+0x87592
C  [rsession+0x9e378f]  rstudio_boost::asio::detail::descriptor_write_op_base<rstudio_boost::asio::const_buffers_1>::do_perform(rstudio_boost::asio::detail::reactor_op*)+0x9372f
C  [rsession+0x3afcb6]  rstudio_boost::asio::execution_context::service* rstudio_boost::asio::detail::service_registry::create<rstudio_boost::asio::detail::reactive_socket_service<rstudio_boost::asio::local::stream_protocol>, rstudio_boost::asio::io_context>(void*)+0x1cc0f6
C  [rsession+0x1776c9]  rstudio_boost::asio::detail::reactive_socket_accept_op_base<rstudio_boost::asio::basic_socket<rstudio_boost::asio::ip::tcp>, rstudio_boost::asio::ip::tcp>::do_perform(rstudio_boost::asio::detail::reactor_op*)+0xae389
C  [rsession+0x177318]  rstudio_boost::asio::detail::reactive_socket_accept_op_base<rstudio_boost::asio::basic_socket<rstudio_boost::asio::ip::tcp>, rstudio_boost::asio::ip::tcp>::do_perform(rstudio_boost::asio::detail::reactor_op*)+0xadfd8
C  [rsession+0x1a25db]  rstudio_boost::asio::detail::reactive_socket_accept_op_base<rstudio_boost::asio::basic_socket<rstudio_boost::asio::ip::tcp>, rstudio_boost::asio::ip::tcp>::do_perform(rstudio_boost::asio::detail::reactor_op*)+0xd929b
C  [rsession+0x109295]  rstudio_boost::asio::detail::reactive_socket_accept_op_base<rstudio_boost::asio::basic_socket<rstudio_boost::asio::ip::tcp>, rstudio_boost::asio::ip::tcp>::do_perform(rstudio_boost::asio::detail::reactor_op*)+0x3ff55
C  [rsession+0x9f3612]  rstudio_boost::asio::detail::descriptor_write_op_base<rstudio_boost::asio::const_buffers_1>::do_perform(rstudio_boost::asio::detail::reactor_op*)+0xa35b2
C  [libR.dylib+0x202976]  R_ProcessEvents+0x36
C  [libR.dylib+0xade1d]  R_CheckUserInterrupt+0x4d
C  [libR.dylib+0x71f3d]  R_ToplevelExec+0x27d
C  [later.so+0x10924]  CallbackRegistry::wait(double, bool) const+0x184
C  [later.so+0x15312]  execCallbacks(double, bool, int)+0x42
C  [later.so+0x565d]  _later_execCallbacks+0x7d
C  [libR.dylib+0x85ef2]  R_doDotCall+0x5b2
C  [libR.dylib+0x8787e]  do_dotcall+0x14e
C  [libR.dylib+0xbd7c5]  bcEval+0x6fe5
C  [libR.dylib+0xb60a1]  Rf_eval+0x181
C  [libR.dylib+0xd6199]  R_execClosure+0x879
C  [libR.dylib+0xd4f97]  Rf_applyClosure+0x1d7
C  [libR.dylib+0xbd02f]  bcEval+0x684f
C  [libR.dylib+0xb60a1]  Rf_eval+0x181
C  [libR.dylib+0xd6199]  R_execClosure+0x879
C  [libR.dylib+0xd4f97]  Rf_applyClosure+0x1d7
C  [libR.dylib+0xbd02f]  bcEval+0x684f
C  [libR.dylib+0xb60a1]  Rf_eval+0x181
C  [libR.dylib+0xd6199]  R_execClosure+0x879
C  [libR.dylib+0xd4f97]  Rf_applyClosure+0x1d7
C  [libR.dylib+0xbd02f]  bcEval+0x684f
C  [libR.dylib+0xb60a1]  Rf_eval+0x181
C  [libR.dylib+0xd6199]  R_execClosure+0x879
C  [libR.dylib+0xd4f97]  Rf_applyClosure+0x1d7
C  [libR.dylib+0xbd02f]  bcEval+0x684f
C  [libR.dylib+0xb60a1]  Rf_eval+0x181
C  [libR.dylib+0xd46ac]  forcePromise+0xac
C  [libR.dylib+0xdfe8a]  getvar+0x30a
C  [libR.dylib+0xba267]  bcEval+0x3a87
C  [libR.dylib+0xb60a1]  Rf_eval+0x181
C  [libR.dylib+0xd6199]  R_execClosure+0x879
C  [libR.dylib+0xd4f97]  Rf_applyClosure+0x1d7
C  [libR.dylib+0xbd02f]  bcEval+0x684f
C  [libR.dylib+0xb60a1]  Rf_eval+0x181
C  [libR.dylib+0xd46ac]  forcePromise+0xac
C  [libR.dylib+0xdfe8a]  getvar+0x30a
C  [libR.dylib+0xba267]  bcEval+0x3a87
C  [libR.dylib+0xb60a1]  Rf_eval+0x181
C  [libR.dylib+0xd46ac]  forcePromise+0xac
C  [libR.dylib+0xdfe8a]  getvar+0x30a
C  [libR.dylib+0xba267]  bcEval+0x3a87
C  [libR.dylib+0xb60a1]  Rf_eval+0x181
C  [libR.dylib+0xd46ac]  forcePromise+0xac
C  [libR.dylib+0xdfe8a]  getvar+0x30a
C  [libR.dylib+0xba267]  bcEval+0x3a87
C  [libR.dylib+0xb60a1]  Rf_eval+0x181
C  [libR.dylib+0xd46ac]  forcePromise+0xac
C  [libR.dylib+0xdfe8a]  getvar+0x30a
C  [libR.dylib+0xba267]  bcEval+0x3a87
C  [libR.dylib+0xb60a1]  Rf_eval+0x181
C  [libR.dylib+0xd6199]  R_execClosure+0x879
C  [libR.dylib+0xd4f97]  Rf_applyClosure+0x1d7
C  [libR.dylib+0xbd02f]  bcEval+0x684f
C  [libR.dylib+0xb60a1]  Rf_eval+0x181
C  [libR.dylib+0xd6199]  R_execClosure+0x879
C  [libR.dylib+0xd4f97]  Rf_applyClosure+0x1d7
C  [libR.dylib+0xbd02f]  bcEval+0x684f
C  [libR.dylib+0xb60a1]  Rf_eval+0x181
C  [libR.dylib+0xd6199]  R_execClosure+0x879
C  [libR.dylib+0xd4f97]  Rf_applyClosure+0x1d7
C  [libR.dylib+0xbd02f]  bcEval+0x684f
C  [libR.dylib+0xb60a1]  Rf_eval+0x181
C  [libR.dylib+0xd6199]  R_execClosure+0x879
C  [libR.dylib+0xd4f97]  Rf_applyClosure+0x1d7
C  [libR.dylib+0xbd02f]  bcEval+0x684f
C  [libR.dylib+0xb60a1]  Rf_eval+0x181
C  [libR.dylib+0xd46ac]  forcePromise+0xac
C  [libR.dylib+0xdfe8a]  getvar+0x30a
C  [libR.dylib+0xba267]  bcEval+0x3a87
C  [libR.dylib+0xb60a1]  Rf_eval+0x181
C  [libR.dylib+0xd6199]  R_execClosure+0x879
C  [libR.dylib+0xd4f97]  Rf_applyClosure+0x1d7
C  [libR.dylib+0xbd02f]  bcEval+0x684f
C  [libR.dylib+0xb60a1]  Rf_eval+0x181
C  [libR.dylib+0xd6199]  R_execClosure+0x879
C  [libR.dylib+0xd4f97]  Rf_applyClosure+0x1d7
C  [libR.dylib+0xb6572]  Rf_eval+0x652
C  [libR.dylib+0x10af57]  Rf_ReplIteration+0x327
C  [libR.dylib+0x10c56f]  run_Rmainloop+0xcf
C  [rsession+0x9f2cc0]  rstudio_boost::asio::detail::descriptor_write_op_base<rstudio_boost::asio::const_buffers_1>::do_perform(rstudio_boost::asio::detail::reactor_op*)+0xa2c60
C  [rsession+0x9c85a9]  rstudio_boost::asio::detail::descriptor_write_op_base<rstudio_boost::asio::const_buffers_1>::do_perform(rstudio_boost::asio::detail::reactor_op*)+0x78549
C  [rsession+0x153ff8]  rstudio_boost::asio::detail::reactive_socket_accept_op_base<rstudio_boost::asio::basic_socket<rstudio_boost::asio::ip::tcp>, rstudio_boost::asio::ip::tcp>::do_perform(rstudio_boost::asio::detail::reactor_op*)+0x8acb8
C  [libdyld.dylib+0x15f5d]  start+0x1


siginfo: si_signo: 11 (SIGSEGV), si_code: 1 (SEGV_MAPERR), si_addr: 0x0000000000000001

Register to memory mapping:

RAX=0x0000000000000095 is an unknown value
RBX=0x00007ffee991d938 is pointing into the stack for thread: 0x00007fad90ecd800
RCX=0x000000000000002f is an unknown value
RDX=0x0 is NULL
RSP=0x00007ffee991d8a0 is pointing into the stack for thread: 0x00007fad90ecd800
RBP=0x00007ffee991d8d0 is pointing into the stack for thread: 0x00007fad90ecd800
RSI=0x0000000000000001 is an unknown value
RDI=0x00007ffee991d938 is pointing into the stack for thread: 0x00007fad90ecd800
R8 =0x0 is NULL
R9 =0x0000000000000001 is an unknown value
R10=0x00007fadc5f00000 points into unknown readable memory: 0x0000000000000000 | 00 00 00 00 00 00 00 00
R11=0x00007ffde298a057 is an unknown value
R12=0x00007fada3eb3a10 points into unknown readable memory: 0x00007fad84ca00b0 | b0 00 ca 84 ad 7f 00 00
R13=0x00007ffee991ddc0 is pointing into the stack for thread: 0x00007fad90ecd800
R14=0x0000000000000001 is an unknown value
R15=0x00007fada3eb3a18 points into unknown readable memory: 0x0000000000000001 | 01 00 00 00 00 00 00 00


Registers:
RAX=0x0000000000000095, RBX=0x00007ffee991d938, RCX=0x000000000000002f, RDX=0x0000000000000000
RSP=0x00007ffee991d8a0, RBP=0x00007ffee991d8d0, RSI=0x0000000000000001, RDI=0x00007ffee991d938
R8 =0x0000000000000000, R9 =0x0000000000000001, R10=0x00007fadc5f00000, R11=0x00007ffde298a057
R12=0x00007fada3eb3a10, R13=0x00007ffee991ddc0, R14=0x0000000000000001, R15=0x00007fada3eb3a18
RIP=0x0000000106d3ef59, EFLAGS=0x0000000000010206, ERR=0x0000000000000004
  TRAPNO=0x000000000000000e

Top of Stack: (sp=0x00007ffee991d8a0)
0x00007ffee991d8a0:   0000000000000000 00007fada3002f02
0x00007ffee991d8b0:   00007ffee991db88 00007fad8534f900
0x00007ffee991d8c0:   00007fada24c27c0 0000000000000001
0x00007ffee991d8d0:   00007ffee991d9a0 0000000106d3ec76
0x00007ffee991d8e0:   0000000000000000 00007fada3002f02
0x00007ffee991d8f0:   00007ffee991db88 00007fad8534f900
0x00007ffee991d900:   00007fada24c27c0 0000000000000000
0x00007ffee991d910:   00007473694c7961 000000010706c1a0
0x00007ffee991d920:   0000000000000000 0000000000000000
0x00007ffee991d930:   00007ffee991d9c0 0000000000000000
0x00007ffee991d940:   0000000000000000 0000000000000000
0x00007ffee991d950:   0000000000000001 00007fadcb98ba38
0x00007ffee991d960:   0000000000000000 0000000000000000
0x00007ffee991d970:   0000000000000000 00007fada24c27c0
0x00007ffee991d980:   0000000000000095 00007fadc5f94c10
0x00007ffee991d990:   00007ffee991db88 000000010706c1a0
0x00007ffee991d9a0:   00007ffee991d9b0 0000000106ceb85f
0x00007ffee991d9b0:   00007ffee991da30 0000000106cc2756
0x00007ffee991d9c0:   00007ffee991dbc8 00007fff20316189
0x00007ffee991d9d0:   000000010706c1a0 0000000000000000
0x00007ffee991d9e0:   0000000000000000 0000000007626000
0x00007ffee991d9f0:   00007ffee991da30 00007fff2031000a
0x00007ffee991da00:   00007fad570e08c0 0000000000000000
0x00007ffee991da10:   00007ffee991db78 00007ffee991ddc0
0x00007ffee991da20:   00007ffee991db88 00007ffee991dbc8
0x00007ffee991da30:   00007ffee991db40 0000000106ca3636
0x00007ffee991da40:   000000010706c1a0 0000000000000000
0x00007ffee991da50:   0000000000000000 00000000000000a1
0x00007ffee991da60:   000000000000009a 00007fad570e08c0
0x00007ffee991da70:   00000000000000a1 000000000000009a
0x00007ffee991da80:   00007fad570e4d30 000000010706c1a0
0x00007ffee991da90:   0000000000000000 0000000000000000 

Instructions: (pc=0x0000000106d3ef59)
0x0000000106d3ee59:   8b 78 10 4c 89 f7 4c 89 fe 48 89 da e8 ae bc 0f
0x0000000106d3ee69:   00 85 c0 48 8b 4d 98 48 8b 55 a0 74 0a 79 34 eb
0x0000000106d3ee79:   66 66 0f 1f 44 00 00 4d 39 e5 72 5b 48 85 db 74
0x0000000106d3ee89:   46 4c 8b 7d b8 f6 c1 01 74 08 48 8b 45 c0 4c 8b
0x0000000106d3ee99:   78 10 4c 8b 75 b0 f6 c2 01 74 08 48 8b 45 c8 4c
0x0000000106d3eea9:   8b 70 10 4c 89 ff 4c 89 f6 48 89 da e8 5e bc 0f
0x0000000106d3eeb9:   00 85 c0 74 12 0f 89 cc fe ff ff eb 13 66 2e 0f
0x0000000106d3eec9:   1f 84 00 00 00 00 00 4d 39 ec 0f 83 b7 fe ff ff
0x0000000106d3eed9:   be 01 00 00 00 eb 05 be ff ff ff ff 89 f0 48 83
0x0000000106d3eee9:   c4 48 5b 41 5c 41 5d 41 5e 41 5f 5d c3 be 01 00
0x0000000106d3eef9:   00 00 48 39 d0 75 e5 49 8b 56 20 b8 01 00 00 00
0x0000000106d3ef09:   48 8b 75 d0 48 3b 56 20 75 d4 48 8b 53 18 b8 ff
0x0000000106d3ef19:   ff ff ff 48 3b 51 18 75 c5 48 8b 53 20 31 f6 48
0x0000000106d3ef29:   3b 51 20 75 b9 eb b5 55 48 89 e5 41 56 53 48 83
0x0000000106d3ef39:   ec 20 48 89 fb 48 c7 47 10 00 00 00 00 48 c7 47
0x0000000106d3ef49:   08 00 00 00 00 48 c7 07 00 00 00 00 48 89 77 18
0x0000000106d3ef59:   0f b6 16 f6 c2 01 0f 84 87 00 00 00 48 8b 46 08
0x0000000106d3ef69:   48 c7 43 20 00 00 00 00 48 85 c0 0f 84 89 00 00
0x0000000106d3ef79:   00 48 8b 7e 10 48 83 f8 01 74 2a 4c 8d 46 01 f6
0x0000000106d3ef89:   c2 01 4c 0f 45 c7 41 80 38 2f 75 19 41 80 78 01
0x0000000106d3ef99:   2f 75 12 b9 02 00 00 00 48 83 f8 02 74 64 41 80
0x0000000106d3efa9:   78 02 2f 75 5d 48 8d 4e 01 f6 c2 01 48 0f 45 cf
0x0000000106d3efb9:   80 39 2f 75 4b 48 83 f8 01 74 6c ba 01 00 00 00
0x0000000106d3efc9:   0f 1f 80 00 00 00 00 80 3c 11 2f 75 0c 48 89 53
0x0000000106d3efd9:   20 48 ff c2 48 39 c2 72 ee 48 ff ca b9 01 00 00
0x0000000106d3efe9:   00 eb 4b 48 89 d0 48 d1 e8 48 c7 43 20 00 00 00
0x0000000106d3eff9:   00 48 85 c0 0f 85 77 ff ff ff 31 d2 31 c9 eb 2e
0x0000000106d3f009:   31 c9 48 39 c1 73 25 4c 8d 46 01 f6 c2 01 49 0f
0x0000000106d3f019:   44 f8 31 d2 0f 1f 00 80 3c 0f 2f 74 11 48 ff c1
0x0000000106d3f029:   48 39 c1 72 f2 eb 07 b9 01 00 00 00 31 d2 48 8d
0x0000000106d3f039:   7d d8 49 89 f0 e8 85 b0 0f 00 48 8d 75 d8 48 89
0x0000000106d3f049:   df e8 85 b0 0f 00 f6 45 d8 01 74 09 48 8b 7d e8 


Stack slot to memory mapping:
stack at sp + 0 slots: 0x0 is NULL
stack at sp + 1 slots: 0x00007fada3002f02 points into unknown readable memory: 10 00 00 00 00 00
stack at sp + 2 slots: 0x00007ffee991db88 is pointing into the stack for thread: 0x00007fad90ecd800
stack at sp + 3 slots: 0x00007fad8534f900 points into unknown readable memory: 0x00007fad853dd010 | 10 d0 3d 85 ad 7f 00 00
stack at sp + 4 slots: 0x00007fada24c27c0 points into unknown readable memory: 0x00000000000000a1 | a1 00 00 00 00 00 00 00
stack at sp + 5 slots: 0x0000000000000001 is an unknown value
stack at sp + 6 slots: 0x00007ffee991d9a0 is pointing into the stack for thread: 0x00007fad90ecd800
stack at sp + 7 slots: 0x0000000106d3ec76: _ZN13rstudio_boost4asio6detail24descriptor_write_op_baseINS0_15const_buffers_1EE10do_performEPNS1_10reactor_opE+0x11dc16 in /Applications/RStudio.app/Contents/MacOS/rsession at 0x00000001062d1000


---------------  P R O C E S S  ---------------

Threads class SMR info:
_java_thread_list=0x00007fad5b550240, length=10, elements={
0x00007fad90ecd800, 0x00007fad90e33000, 0x00007fad90a6dc00, 0x00007fad90e85600,
0x00007fad90e87000, 0x00007fad90e85c00, 0x00007fad90a83200, 0x00007fadaedcd000,
0x00007fadb9fe7e00, 0x00007fad90b0fa00
}

Java Threads: ( => current thread )
=>0x00007fad90ecd800 JavaThread "main" [_thread_in_native, id=259, stack(0x00007ffee912f000,0x00007ffee992f000)]
  0x00007fad90e33000 JavaThread "Reference Handler" daemon [_thread_blocked, id=24067, stack(0x000070000f07f000,0x000070000f27f000)]
  0x00007fad90a6dc00 JavaThread "Finalizer" daemon [_thread_blocked, id=40451, stack(0x000070000f282000,0x000070000f482000)]
  0x00007fad90e85600 JavaThread "Attach Listener" daemon [_thread_blocked, id=39683, stack(0x000070000f485000,0x000070000f685000)]
  0x00007fad90e87000 JavaThread "Service Thread" daemon [_thread_blocked, id=39427, stack(0x000070000f688000,0x000070000f888000)]
  0x00007fad90e85c00 JavaThread "C2 CompilerThread0" daemon [_thread_blocked, id=38915, stack(0x000070000f88b000,0x000070000f98b000)]
  0x00007fad90a83200 JavaThread "C1 CompilerThread0" daemon [_thread_blocked, id=26883, stack(0x000070000f98e000,0x000070000fa8e000)]
  0x00007fadaedcd000 JavaThread "Sweeper thread" daemon [_thread_blocked, id=27651, stack(0x000070000fa91000,0x000070000fc91000)]
  0x00007fadb9fe7e00 JavaThread "Notification Thread" daemon [_thread_blocked, id=28163, stack(0x000070000fc94000,0x000070000fe94000)]
  0x00007fad90b0fa00 JavaThread "Common-Cleaner" daemon [_thread_blocked, id=37123, stack(0x000070000ff9a000,0x000070001019a000)]

Other Threads:
  0x00007fad5b527ed0 VMThread "VM Thread" [stack: 0x000070000ef7c000,0x000070000f07c000] [id=23299]
  0x00007fad5b5b1f20 WatcherThread [stack: 0x000070000fe97000,0x000070000ff97000] [id=37379]
  0x00007fad5b51a540 GCTaskThread "GC Thread#0" [stack: 0x000070000ea6d000,0x000070000eb6d000] [id=21763]
  0x00007fad36c74810 ConcurrentGCThread "G1 Main Marker" [stack: 0x000070000eb70000,0x000070000ec70000] [id=22275]
  0x00007fad36c754c0 ConcurrentGCThread "G1 Conc#0" [stack: 0x000070000ec73000,0x000070000ed73000] [id=42755]
  0x00007fad36c889d0 ConcurrentGCThread "G1 Refine#0" [stack: 0x000070000ed76000,0x000070000ee76000] [id=22787]
  0x00007fad36c89690 ConcurrentGCThread "G1 Young RemSet Sampling" [stack: 0x000070000ee79000,0x000070000ef79000] [id=41987]

Threads with active compile tasks:

VM state: not at safepoint (normal execution)

VM Mutex/Monitor currently owned by a thread: None

Heap address: 0x00000007e0000000, size: 512 MB, Compressed Oops mode: Zero based, Oop shift amount: 3
CDS archive(s) mapped at: [0x0000000800000000-0x0000000800b2a000-0x0000000800b2a000), size 11706368, SharedBaseAddress: 0x0000000800000000, ArchiveRelocationMode: 0.
Compressed class space mapped at: 0x0000000800b2c000-0x0000000840b2c000, size: 1073741824
Narrow klass base: 0x0000000800000000, Narrow klass shift: 3, Narrow klass range: 0x100000000

GC Precious Log:
 CPUs: 8 total, 8 available
 Memory: 8192M
 Large Page Support: Disabled
 NUMA Support: Disabled
 Compressed Oops: Enabled (Zero based)
 Heap Region Size: 1M
 Heap Min Capacity: 8M
 Heap Initial Capacity: 128M
 Heap Max Capacity: 512M
 Pre-touch: Disabled
 Parallel Workers: 8
 Concurrent Workers: 2
 Concurrent Refinement Workers: 8
 Periodic GC: Disabled

Heap:
 garbage-first heap   total 133120K, used 17192K [0x00000007e0000000, 0x0000000800000000)
  region size 1024K, 17 young (17408K), 0 survivors (0K)
 Metaspace       used 4753K, capacity 8111K, committed 8448K, reserved 1056768K
  class space    used 607K, capacity 913K, committed 1024K, reserved 1048576K

Heap Regions: E=young(eden), S=young(survivor), O=old, HS=humongous(starts), HC=humongous(continues), CS=collection set, F=free, OA=open archive, CA=closed archive, TAMS=top-at-mark-start (previous, next)
|   0|0x00000007e0000000, 0x00000007e0100000, 0x00000007e0100000|100%|HS|  |TAMS 0x00000007e0000000, 0x00000007e0000000| Complete 
|   1|0x00000007e0100000, 0x00000007e0100000, 0x00000007e0200000|  0%| F|  |TAMS 0x00000007e0100000, 0x00000007e0100000| Untracked 
|   2|0x00000007e0200000, 0x00000007e0200000, 0x00000007e0300000|  0%| F|  |TAMS 0x00000007e0200000, 0x00000007e0200000| Untracked 
|   3|0x00000007e0300000, 0x00000007e0300000, 0x00000007e0400000|  0%| F|  |TAMS 0x00000007e0300000, 0x00000007e0300000| Untracked 
|   4|0x00000007e0400000, 0x00000007e0400000, 0x00000007e0500000|  0%| F|  |TAMS 0x00000007e0400000, 0x00000007e0400000| Untracked 
|   5|0x00000007e0500000, 0x00000007e0500000, 0x00000007e0600000|  0%| F|  |TAMS 0x00000007e0500000, 0x00000007e0500000| Untracked 
|   6|0x00000007e0600000, 0x00000007e0600000, 0x00000007e0700000|  0%| F|  |TAMS 0x00000007e0600000, 0x00000007e0600000| Untracked 
|   7|0x00000007e0700000, 0x00000007e0700000, 0x00000007e0800000|  0%| F|  |TAMS 0x00000007e0700000, 0x00000007e0700000| Untracked 
|   8|0x00000007e0800000, 0x00000007e0800000, 0x00000007e0900000|  0%| F|  |TAMS 0x00000007e0800000, 0x00000007e0800000| Untracked 
|   9|0x00000007e0900000, 0x00000007e0900000, 0x00000007e0a00000|  0%| F|  |TAMS 0x00000007e0900000, 0x00000007e0900000| Untracked 
|  10|0x00000007e0a00000, 0x00000007e0a00000, 0x00000007e0b00000|  0%| F|  |TAMS 0x00000007e0a00000, 0x00000007e0a00000| Untracked 
|  11|0x00000007e0b00000, 0x00000007e0b00000, 0x00000007e0c00000|  0%| F|  |TAMS 0x00000007e0b00000, 0x00000007e0b00000| Untracked 
|  12|0x00000007e0c00000, 0x00000007e0c00000, 0x00000007e0d00000|  0%| F|  |TAMS 0x00000007e0c00000, 0x00000007e0c00000| Untracked 
|  13|0x00000007e0d00000, 0x00000007e0d00000, 0x00000007e0e00000|  0%| F|  |TAMS 0x00000007e0d00000, 0x00000007e0d00000| Untracked 
|  14|0x00000007e0e00000, 0x00000007e0e00000, 0x00000007e0f00000|  0%| F|  |TAMS 0x00000007e0e00000, 0x00000007e0e00000| Untracked 
|  15|0x00000007e0f00000, 0x00000007e0f00000, 0x00000007e1000000|  0%| F|  |TAMS 0x00000007e0f00000, 0x00000007e0f00000| Untracked 
|  16|0x00000007e1000000, 0x00000007e1000000, 0x00000007e1100000|  0%| F|  |TAMS 0x00000007e1000000, 0x00000007e1000000| Untracked 
|  17|0x00000007e1100000, 0x00000007e1100000, 0x00000007e1200000|  0%| F|  |TAMS 0x00000007e1100000, 0x00000007e1100000| Untracked 
|  18|0x00000007e1200000, 0x00000007e1200000, 0x00000007e1300000|  0%| F|  |TAMS 0x00000007e1200000, 0x00000007e1200000| Untracked 
|  19|0x00000007e1300000, 0x00000007e1300000, 0x00000007e1400000|  0%| F|  |TAMS 0x00000007e1300000, 0x00000007e1300000| Untracked 
|  20|0x00000007e1400000, 0x00000007e1400000, 0x00000007e1500000|  0%| F|  |TAMS 0x00000007e1400000, 0x00000007e1400000| Untracked 
|  21|0x00000007e1500000, 0x00000007e1500000, 0x00000007e1600000|  0%| F|  |TAMS 0x00000007e1500000, 0x00000007e1500000| Untracked 
|  22|0x00000007e1600000, 0x00000007e1600000, 0x00000007e1700000|  0%| F|  |TAMS 0x00000007e1600000, 0x00000007e1600000| Untracked 
|  23|0x00000007e1700000, 0x00000007e1700000, 0x00000007e1800000|  0%| F|  |TAMS 0x00000007e1700000, 0x00000007e1700000| Untracked 
|  24|0x00000007e1800000, 0x00000007e1800000, 0x00000007e1900000|  0%| F|  |TAMS 0x00000007e1800000, 0x00000007e1800000| Untracked 
|  25|0x00000007e1900000, 0x00000007e1900000, 0x00000007e1a00000|  0%| F|  |TAMS 0x00000007e1900000, 0x00000007e1900000| Untracked 
|  26|0x00000007e1a00000, 0x00000007e1a00000, 0x00000007e1b00000|  0%| F|  |TAMS 0x00000007e1a00000, 0x00000007e1a00000| Untracked 
|  27|0x00000007e1b00000, 0x00000007e1b00000, 0x00000007e1c00000|  0%| F|  |TAMS 0x00000007e1b00000, 0x00000007e1b00000| Untracked 
|  28|0x00000007e1c00000, 0x00000007e1c00000, 0x00000007e1d00000|  0%| F|  |TAMS 0x00000007e1c00000, 0x00000007e1c00000| Untracked 
|  29|0x00000007e1d00000, 0x00000007e1d00000, 0x00000007e1e00000|  0%| F|  |TAMS 0x00000007e1d00000, 0x00000007e1d00000| Untracked 
|  30|0x00000007e1e00000, 0x00000007e1e00000, 0x00000007e1f00000|  0%| F|  |TAMS 0x00000007e1e00000, 0x00000007e1e00000| Untracked 
|  31|0x00000007e1f00000, 0x00000007e1f00000, 0x00000007e2000000|  0%| F|  |TAMS 0x00000007e1f00000, 0x00000007e1f00000| Untracked 
|  32|0x00000007e2000000, 0x00000007e2000000, 0x00000007e2100000|  0%| F|  |TAMS 0x00000007e2000000, 0x00000007e2000000| Untracked 
|  33|0x00000007e2100000, 0x00000007e2100000, 0x00000007e2200000|  0%| F|  |TAMS 0x00000007e2100000, 0x00000007e2100000| Untracked 
|  34|0x00000007e2200000, 0x00000007e2200000, 0x00000007e2300000|  0%| F|  |TAMS 0x00000007e2200000, 0x00000007e2200000| Untracked 
|  35|0x00000007e2300000, 0x00000007e2300000, 0x00000007e2400000|  0%| F|  |TAMS 0x00000007e2300000, 0x00000007e2300000| Untracked 
|  36|0x00000007e2400000, 0x00000007e2400000, 0x00000007e2500000|  0%| F|  |TAMS 0x00000007e2400000, 0x00000007e2400000| Untracked 
|  37|0x00000007e2500000, 0x00000007e2500000, 0x00000007e2600000|  0%| F|  |TAMS 0x00000007e2500000, 0x00000007e2500000| Untracked 
|  38|0x00000007e2600000, 0x00000007e2600000, 0x00000007e2700000|  0%| F|  |TAMS 0x00000007e2600000, 0x00000007e2600000| Untracked 
|  39|0x00000007e2700000, 0x00000007e2700000, 0x00000007e2800000|  0%| F|  |TAMS 0x00000007e2700000, 0x00000007e2700000| Untracked 
|  40|0x00000007e2800000, 0x00000007e2800000, 0x00000007e2900000|  0%| F|  |TAMS 0x00000007e2800000, 0x00000007e2800000| Untracked 
|  41|0x00000007e2900000, 0x00000007e2900000, 0x00000007e2a00000|  0%| F|  |TAMS 0x00000007e2900000, 0x00000007e2900000| Untracked 
|  42|0x00000007e2a00000, 0x00000007e2a00000, 0x00000007e2b00000|  0%| F|  |TAMS 0x00000007e2a00000, 0x00000007e2a00000| Untracked 
|  43|0x00000007e2b00000, 0x00000007e2b00000, 0x00000007e2c00000|  0%| F|  |TAMS 0x00000007e2b00000, 0x00000007e2b00000| Untracked 
|  44|0x00000007e2c00000, 0x00000007e2c00000, 0x00000007e2d00000|  0%| F|  |TAMS 0x00000007e2c00000, 0x00000007e2c00000| Untracked 
|  45|0x00000007e2d00000, 0x00000007e2d00000, 0x00000007e2e00000|  0%| F|  |TAMS 0x00000007e2d00000, 0x00000007e2d00000| Untracked 
|  46|0x00000007e2e00000, 0x00000007e2e00000, 0x00000007e2f00000|  0%| F|  |TAMS 0x00000007e2e00000, 0x00000007e2e00000| Untracked 
|  47|0x00000007e2f00000, 0x00000007e2f00000, 0x00000007e3000000|  0%| F|  |TAMS 0x00000007e2f00000, 0x00000007e2f00000| Untracked 
|  48|0x00000007e3000000, 0x00000007e3000000, 0x00000007e3100000|  0%| F|  |TAMS 0x00000007e3000000, 0x00000007e3000000| Untracked 
|  49|0x00000007e3100000, 0x00000007e3100000, 0x00000007e3200000|  0%| F|  |TAMS 0x00000007e3100000, 0x00000007e3100000| Untracked 
|  50|0x00000007e3200000, 0x00000007e3200000, 0x00000007e3300000|  0%| F|  |TAMS 0x00000007e3200000, 0x00000007e3200000| Untracked 
|  51|0x00000007e3300000, 0x00000007e3300000, 0x00000007e3400000|  0%| F|  |TAMS 0x00000007e3300000, 0x00000007e3300000| Untracked 
|  52|0x00000007e3400000, 0x00000007e3400000, 0x00000007e3500000|  0%| F|  |TAMS 0x00000007e3400000, 0x00000007e3400000| Untracked 
|  53|0x00000007e3500000, 0x00000007e3500000, 0x00000007e3600000|  0%| F|  |TAMS 0x00000007e3500000, 0x00000007e3500000| Untracked 
|  54|0x00000007e3600000, 0x00000007e3600000, 0x00000007e3700000|  0%| F|  |TAMS 0x00000007e3600000, 0x00000007e3600000| Untracked 
|  55|0x00000007e3700000, 0x00000007e3700000, 0x00000007e3800000|  0%| F|  |TAMS 0x00000007e3700000, 0x00000007e3700000| Untracked 
|  56|0x00000007e3800000, 0x00000007e3800000, 0x00000007e3900000|  0%| F|  |TAMS 0x00000007e3800000, 0x00000007e3800000| Untracked 
|  57|0x00000007e3900000, 0x00000007e3900000, 0x00000007e3a00000|  0%| F|  |TAMS 0x00000007e3900000, 0x00000007e3900000| Untracked 
|  58|0x00000007e3a00000, 0x00000007e3a00000, 0x00000007e3b00000|  0%| F|  |TAMS 0x00000007e3a00000, 0x00000007e3a00000| Untracked 
|  59|0x00000007e3b00000, 0x00000007e3b00000, 0x00000007e3c00000|  0%| F|  |TAMS 0x00000007e3b00000, 0x00000007e3b00000| Untracked 
|  60|0x00000007e3c00000, 0x00000007e3c00000, 0x00000007e3d00000|  0%| F|  |TAMS 0x00000007e3c00000, 0x00000007e3c00000| Untracked 
|  61|0x00000007e3d00000, 0x00000007e3d00000, 0x00000007e3e00000|  0%| F|  |TAMS 0x00000007e3d00000, 0x00000007e3d00000| Untracked 
|  62|0x00000007e3e00000, 0x00000007e3e00000, 0x00000007e3f00000|  0%| F|  |TAMS 0x00000007e3e00000, 0x00000007e3e00000| Untracked 
|  63|0x00000007e3f00000, 0x00000007e3f00000, 0x00000007e4000000|  0%| F|  |TAMS 0x00000007e3f00000, 0x00000007e3f00000| Untracked 
|  64|0x00000007e4000000, 0x00000007e4000000, 0x00000007e4100000|  0%| F|  |TAMS 0x00000007e4000000, 0x00000007e4000000| Untracked 
|  65|0x00000007e4100000, 0x00000007e4100000, 0x00000007e4200000|  0%| F|  |TAMS 0x00000007e4100000, 0x00000007e4100000| Untracked 
|  66|0x00000007e4200000, 0x00000007e4200000, 0x00000007e4300000|  0%| F|  |TAMS 0x00000007e4200000, 0x00000007e4200000| Untracked 
|  67|0x00000007e4300000, 0x00000007e4300000, 0x00000007e4400000|  0%| F|  |TAMS 0x00000007e4300000, 0x00000007e4300000| Untracked 
|  68|0x00000007e4400000, 0x00000007e4400000, 0x00000007e4500000|  0%| F|  |TAMS 0x00000007e4400000, 0x00000007e4400000| Untracked 
|  69|0x00000007e4500000, 0x00000007e4500000, 0x00000007e4600000|  0%| F|  |TAMS 0x00000007e4500000, 0x00000007e4500000| Untracked 
|  70|0x00000007e4600000, 0x00000007e4600000, 0x00000007e4700000|  0%| F|  |TAMS 0x00000007e4600000, 0x00000007e4600000| Untracked 
|  71|0x00000007e4700000, 0x00000007e4700000, 0x00000007e4800000|  0%| F|  |TAMS 0x00000007e4700000, 0x00000007e4700000| Untracked 
|  72|0x00000007e4800000, 0x00000007e4800000, 0x00000007e4900000|  0%| F|  |TAMS 0x00000007e4800000, 0x00000007e4800000| Untracked 
|  73|0x00000007e4900000, 0x00000007e4900000, 0x00000007e4a00000|  0%| F|  |TAMS 0x00000007e4900000, 0x00000007e4900000| Untracked 
|  74|0x00000007e4a00000, 0x00000007e4a00000, 0x00000007e4b00000|  0%| F|  |TAMS 0x00000007e4a00000, 0x00000007e4a00000| Untracked 
|  75|0x00000007e4b00000, 0x00000007e4b00000, 0x00000007e4c00000|  0%| F|  |TAMS 0x00000007e4b00000, 0x00000007e4b00000| Untracked 
|  76|0x00000007e4c00000, 0x00000007e4c00000, 0x00000007e4d00000|  0%| F|  |TAMS 0x00000007e4c00000, 0x00000007e4c00000| Untracked 
|  77|0x00000007e4d00000, 0x00000007e4d00000, 0x00000007e4e00000|  0%| F|  |TAMS 0x00000007e4d00000, 0x00000007e4d00000| Untracked 
|  78|0x00000007e4e00000, 0x00000007e4e00000, 0x00000007e4f00000|  0%| F|  |TAMS 0x00000007e4e00000, 0x00000007e4e00000| Untracked 
|  79|0x00000007e4f00000, 0x00000007e4f00000, 0x00000007e5000000|  0%| F|  |TAMS 0x00000007e4f00000, 0x00000007e4f00000| Untracked 
|  80|0x00000007e5000000, 0x00000007e5000000, 0x00000007e5100000|  0%| F|  |TAMS 0x00000007e5000000, 0x00000007e5000000| Untracked 
|  81|0x00000007e5100000, 0x00000007e5100000, 0x00000007e5200000|  0%| F|  |TAMS 0x00000007e5100000, 0x00000007e5100000| Untracked 
|  82|0x00000007e5200000, 0x00000007e5200000, 0x00000007e5300000|  0%| F|  |TAMS 0x00000007e5200000, 0x00000007e5200000| Untracked 
|  83|0x00000007e5300000, 0x00000007e5300000, 0x00000007e5400000|  0%| F|  |TAMS 0x00000007e5300000, 0x00000007e5300000| Untracked 
|  84|0x00000007e5400000, 0x00000007e5400000, 0x00000007e5500000|  0%| F|  |TAMS 0x00000007e5400000, 0x00000007e5400000| Untracked 
|  85|0x00000007e5500000, 0x00000007e5500000, 0x00000007e5600000|  0%| F|  |TAMS 0x00000007e5500000, 0x00000007e5500000| Untracked 
|  86|0x00000007e5600000, 0x00000007e5600000, 0x00000007e5700000|  0%| F|  |TAMS 0x00000007e5600000, 0x00000007e5600000| Untracked 
|  87|0x00000007e5700000, 0x00000007e5700000, 0x00000007e5800000|  0%| F|  |TAMS 0x00000007e5700000, 0x00000007e5700000| Untracked 
|  88|0x00000007e5800000, 0x00000007e5800000, 0x00000007e5900000|  0%| F|  |TAMS 0x00000007e5800000, 0x00000007e5800000| Untracked 
|  89|0x00000007e5900000, 0x00000007e5900000, 0x00000007e5a00000|  0%| F|  |TAMS 0x00000007e5900000, 0x00000007e5900000| Untracked 
|  90|0x00000007e5a00000, 0x00000007e5a00000, 0x00000007e5b00000|  0%| F|  |TAMS 0x00000007e5a00000, 0x00000007e5a00000| Untracked 
|  91|0x00000007e5b00000, 0x00000007e5b00000, 0x00000007e5c00000|  0%| F|  |TAMS 0x00000007e5b00000, 0x00000007e5b00000| Untracked 
|  92|0x00000007e5c00000, 0x00000007e5c00000, 0x00000007e5d00000|  0%| F|  |TAMS 0x00000007e5c00000, 0x00000007e5c00000| Untracked 
|  93|0x00000007e5d00000, 0x00000007e5d00000, 0x00000007e5e00000|  0%| F|  |TAMS 0x00000007e5d00000, 0x00000007e5d00000| Untracked 
|  94|0x00000007e5e00000, 0x00000007e5e00000, 0x00000007e5f00000|  0%| F|  |TAMS 0x00000007e5e00000, 0x00000007e5e00000| Untracked 
|  95|0x00000007e5f00000, 0x00000007e5f00000, 0x00000007e6000000|  0%| F|  |TAMS 0x00000007e5f00000, 0x00000007e5f00000| Untracked 
|  96|0x00000007e6000000, 0x00000007e6000000, 0x00000007e6100000|  0%| F|  |TAMS 0x00000007e6000000, 0x00000007e6000000| Untracked 
|  97|0x00000007e6100000, 0x00000007e6100000, 0x00000007e6200000|  0%| F|  |TAMS 0x00000007e6100000, 0x00000007e6100000| Untracked 
|  98|0x00000007e6200000, 0x00000007e6200000, 0x00000007e6300000|  0%| F|  |TAMS 0x00000007e6200000, 0x00000007e6200000| Untracked 
|  99|0x00000007e6300000, 0x00000007e6300000, 0x00000007e6400000|  0%| F|  |TAMS 0x00000007e6300000, 0x00000007e6300000| Untracked 
| 100|0x00000007e6400000, 0x00000007e6400000, 0x00000007e6500000|  0%| F|  |TAMS 0x00000007e6400000, 0x00000007e6400000| Untracked 
| 101|0x00000007e6500000, 0x00000007e6500000, 0x00000007e6600000|  0%| F|  |TAMS 0x00000007e6500000, 0x00000007e6500000| Untracked 
| 102|0x00000007e6600000, 0x00000007e6600000, 0x00000007e6700000|  0%| F|  |TAMS 0x00000007e6600000, 0x00000007e6600000| Untracked 
| 103|0x00000007e6700000, 0x00000007e6700000, 0x00000007e6800000|  0%| F|  |TAMS 0x00000007e6700000, 0x00000007e6700000| Untracked 
| 104|0x00000007e6800000, 0x00000007e6800000, 0x00000007e6900000|  0%| F|  |TAMS 0x00000007e6800000, 0x00000007e6800000| Untracked 
| 105|0x00000007e6900000, 0x00000007e6900000, 0x00000007e6a00000|  0%| F|  |TAMS 0x00000007e6900000, 0x00000007e6900000| Untracked 
| 106|0x00000007e6a00000, 0x00000007e6a00000, 0x00000007e6b00000|  0%| F|  |TAMS 0x00000007e6a00000, 0x00000007e6a00000| Untracked 
| 107|0x00000007e6b00000, 0x00000007e6b00000, 0x00000007e6c00000|  0%| F|  |TAMS 0x00000007e6b00000, 0x00000007e6b00000| Untracked 
| 108|0x00000007e6c00000, 0x00000007e6c00000, 0x00000007e6d00000|  0%| F|  |TAMS 0x00000007e6c00000, 0x00000007e6c00000| Untracked 
| 109|0x00000007e6d00000, 0x00000007e6d00000, 0x00000007e6e00000|  0%| F|  |TAMS 0x00000007e6d00000, 0x00000007e6d00000| Untracked 
| 110|0x00000007e6e00000, 0x00000007e6e00000, 0x00000007e6f00000|  0%| F|  |TAMS 0x00000007e6e00000, 0x00000007e6e00000| Untracked 
| 111|0x00000007e6f00000, 0x00000007e6f7cf20, 0x00000007e7000000| 48%| E|  |TAMS 0x00000007e6f00000, 0x00000007e6f00000| Complete 
| 112|0x00000007e7000000, 0x00000007e7100000, 0x00000007e7100000|100%| E|CS|TAMS 0x00000007e7000000, 0x00000007e7000000| Complete 
| 113|0x00000007e7100000, 0x00000007e7200000, 0x00000007e7200000|100%| E|CS|TAMS 0x00000007e7100000, 0x00000007e7100000| Complete 
| 114|0x00000007e7200000, 0x00000007e7300000, 0x00000007e7300000|100%| E|CS|TAMS 0x00000007e7200000, 0x00000007e7200000| Complete 
| 115|0x00000007e7300000, 0x00000007e7400000, 0x00000007e7400000|100%| E|CS|TAMS 0x00000007e7300000, 0x00000007e7300000| Complete 
| 116|0x00000007e7400000, 0x00000007e7500000, 0x00000007e7500000|100%| E|CS|TAMS 0x00000007e7400000, 0x00000007e7400000| Complete 
| 117|0x00000007e7500000, 0x00000007e7600000, 0x00000007e7600000|100%| E|CS|TAMS 0x00000007e7500000, 0x00000007e7500000| Complete 
| 118|0x00000007e7600000, 0x00000007e7700000, 0x00000007e7700000|100%| E|CS|TAMS 0x00000007e7600000, 0x00000007e7600000| Complete 
| 119|0x00000007e7700000, 0x00000007e7800000, 0x00000007e7800000|100%| E|CS|TAMS 0x00000007e7700000, 0x00000007e7700000| Complete 
| 120|0x00000007e7800000, 0x00000007e7900000, 0x00000007e7900000|100%| E|CS|TAMS 0x00000007e7800000, 0x00000007e7800000| Complete 
| 121|0x00000007e7900000, 0x00000007e7a00000, 0x00000007e7a00000|100%| E|CS|TAMS 0x00000007e7900000, 0x00000007e7900000| Complete 
| 122|0x00000007e7a00000, 0x00000007e7b00000, 0x00000007e7b00000|100%| E|  |TAMS 0x00000007e7a00000, 0x00000007e7a00000| Complete 
| 123|0x00000007e7b00000, 0x00000007e7c00000, 0x00000007e7c00000|100%| E|CS|TAMS 0x00000007e7b00000, 0x00000007e7b00000| Complete 
| 124|0x00000007e7c00000, 0x00000007e7d00000, 0x00000007e7d00000|100%| E|CS|TAMS 0x00000007e7c00000, 0x00000007e7c00000| Complete 
| 125|0x00000007e7d00000, 0x00000007e7e00000, 0x00000007e7e00000|100%| E|CS|TAMS 0x00000007e7d00000, 0x00000007e7d00000| Complete 
| 126|0x00000007e7e00000, 0x00000007e7f00000, 0x00000007e7f00000|100%| E|CS|TAMS 0x00000007e7e00000, 0x00000007e7e00000| Complete 
| 127|0x00000007e7f00000, 0x00000007e8000000, 0x00000007e8000000|100%| E|CS|TAMS 0x00000007e7f00000, 0x00000007e7f00000| Complete 
| 510|0x00000007ffe00000, 0x00000007ffe51000, 0x00000007fff00000| 31%|OA|  |TAMS 0x00000007ffe00000, 0x00000007ffe00000| Untracked 
| 511|0x00000007fff00000, 0x00000007fff79000, 0x0000000800000000| 47%|CA|  |TAMS 0x00000007fff00000, 0x00000007fff00000| Untracked 

Card table byte_map: [0x000000012cdb1000,0x000000012ceb1000] _byte_map_base: 0x0000000128eb1000

Marking Bits (Prev, Next): (CMBitMap*) 0x00007fad9ed38810, (CMBitMap*) 0x00007fad9ed38850
 Prev Bits: [0x000000012cfb1000, 0x000000012d7b1000)
 Next Bits: [0x000000012d7b1000, 0x000000012dfb1000)

Polling page: 0x000000011da9a000

Metaspace:

Usage:
  Non-class:      7.03 MB capacity,     4.05 MB ( 58%) used,     2.98 MB ( 42%) free+waste,     4.00 KB ( <1%) overhead. 
      Class:    913.00 KB capacity,   607.10 KB ( 66%) used,   304.15 KB ( 33%) free+waste,     1.75 KB ( <1%) overhead. 
       Both:      7.92 MB capacity,     4.64 MB ( 59%) used,     3.27 MB ( 41%) free+waste,     5.75 KB ( <1%) overhead. 

Virtual space:
  Non-class space:        8.00 MB reserved,       7.25 MB ( 91%) committed 
      Class space:        1.00 GB reserved,       1.00 MB ( <1%) committed 
             Both:        1.01 GB reserved,       8.25 MB ( <1%) committed 

Chunk freelists:
   Non-Class:  18.00 KB
       Class:  31.00 KB
        Both:  49.00 KB

MaxMetaspaceSize: 17179869184.00 GB
CompressedClassSpaceSize: 1.00 GB

CodeHeap 'non-profiled nmethods': size=120028Kb used=250Kb max_used=250Kb free=119777Kb
 bounds [0x0000000125598000, 0x0000000125808000, 0x000000012cacf000]
CodeHeap 'profiled nmethods': size=120028Kb used=1367Kb max_used=1367Kb free=118660Kb
 bounds [0x000000011e061000, 0x000000011e2d1000, 0x0000000125598000]
CodeHeap 'non-nmethods': size=5704Kb used=1120Kb max_used=1147Kb free=4583Kb
 bounds [0x000000011dacf000, 0x000000011dd3f000, 0x000000011e061000]
 total_blobs=1129 nmethods=762 adapters=281
 compilation: enabled
              stopped_count=0, restarted_count=0
 full_count=0

Compilation events (20 events):
Event: 0.828 Thread 0x00007fad90a83200 nmethod 759 0x000000011e1b4010 code [0x000000011e1b4220, 0x000000011e1b49a0]
Event: 0.828 Thread 0x00007fad90a83200  760   !   3       java.util.zip.ZipFile$Source::readAt (39 bytes)
Event: 0.828 Thread 0x00007fad90a83200 nmethod 760 0x000000011e1b4c90 code [0x000000011e1b4e80, 0x000000011e1b5300]
Event: 0.828 Thread 0x00007fad90a83200  761   !   3       java.util.zip.Inflater::setInput (69 bytes)
Event: 0.828 Thread 0x00007fad90a83200 nmethod 761 0x000000011e1b5610 code [0x000000011e1b57c0, 0x000000011e1b5b80]
Event: 0.828 Thread 0x00007fad90a83200  762       1       java.net.URLConnection::getUseCaches (5 bytes)
Event: 0.828 Thread 0x00007fad90a83200 nmethod 762 0x00000001255d2990 code [0x00000001255d2b20, 0x00000001255d2bd0]
Event: 0.829 Thread 0x00007fad90a83200  763       3       java.nio.charset.CoderResult::isUnderflow (13 bytes)
Event: 0.829 Thread 0x00007fad90a83200 nmethod 763 0x000000011e1b5d10 code [0x000000011e1b5ea0, 0x000000011e1b5ff0]
Event: 0.830 Thread 0x00007fad90e85c00 nmethod 742 0x00000001255d2c90 code [0x00000001255d2ee0, 0x00000001255d3cc8]
Event: 0.830 Thread 0x00007fad90e85c00  752       4       sun.nio.fs.UnixPath::checkNotNul (16 bytes)
Event: 0.830 Thread 0x00007fad90a83200  764       3       org.apache.xmlbeans.impl.store.Xobj::isAttr (14 bytes)
Event: 0.830 Thread 0x00007fad90a83200 nmethod 764 0x000000011e1b6090 code [0x000000011e1b6220, 0x000000011e1b63d0]
Event: 0.830 Thread 0x00007fad90e85c00 nmethod 752 0x00000001255d4a10 code [0x00000001255d4b80, 0x00000001255d4bd8]
Event: 0.830 Thread 0x00007fad90e85c00  753       4       java.io.DataInputStream::readUTF (5 bytes)
Event: 0.830 Thread 0x00007fad90e85c00 nmethod 753 0x00000001255d4d10 code [0x00000001255d4e80, 0x00000001255d4f08]
Event: 0.830 Thread 0x00007fad90e85c00  754       4       org.apache.xmlbeans.impl.schema.SchemaTypeSystemImpl$StringPool::codeForString (69 bytes)
Event: 0.845 Thread 0x00007fad90e85c00 nmethod 754 0x00000001255d5010 code [0x00000001255d5200, 0x00000001255d5ea8]
Event: 7680.851 Thread 0x00007fad90a83200  766       3       java.lang.ref.ReferenceQueue::reallyPoll (65 bytes)
Event: 7680.911 Thread 0x00007fad90a83200 nmethod 766 0x000000011e1b6490 code [0x000000011e1b6660, 0x000000011e1b6b90]

GC Heap History (0 events):
No events

Deoptimization events (20 events):
Event: 0.789 Thread 0x00007fad90ecd800 Uncommon trap: trap_request=0xffffffde fr.pc=0x00000001255cd27c relative=0x00000000000002dc
Event: 0.789 Thread 0x00007fad90ecd800 Uncommon trap: reason=class_check action=maybe_recompile pc=0x00000001255cd27c method=java.util.HashMap.getNode(Ljava/lang/Object;)Ljava/util/HashMap$Node; @ 128 c2
Event: 0.789 Thread 0x00007fad90ecd800 DEOPT PACKING pc=0x00000001255cd27c sp=0x00007ffee9918cb0
Event: 0.789 Thread 0x00007fad90ecd800 DEOPT UNPACKING pc=0x000000011db1d125 sp=0x00007ffee9918bc8 mode 2
Event: 0.789 Thread 0x00007fad90ecd800 Uncommon trap: trap_request=0xffffffde fr.pc=0x00000001255cd27c relative=0x00000000000002dc
Event: 0.789 Thread 0x00007fad90ecd800 Uncommon trap: reason=class_check action=maybe_recompile pc=0x00000001255cd27c method=java.util.HashMap.getNode(Ljava/lang/Object;)Ljava/util/HashMap$Node; @ 128 c2
Event: 0.789 Thread 0x00007fad90ecd800 DEOPT PACKING pc=0x00000001255cd27c sp=0x00007ffee9918cb0
Event: 0.789 Thread 0x00007fad90ecd800 DEOPT UNPACKING pc=0x000000011db1d125 sp=0x00007ffee9918bc8 mode 2
Event: 0.793 Thread 0x00007fad90ecd800 DEOPT PACKING pc=0x000000011e17666e sp=0x00007ffee9918e60
Event: 0.793 Thread 0x00007fad90ecd800 DEOPT UNPACKING pc=0x000000011db1cf2b sp=0x00007ffee9918390 mode 0
Event: 0.793 Thread 0x00007fad90ecd800 Uncommon trap: trap_request=0xffffffde fr.pc=0x00000001255cd27c relative=0x00000000000002dc
Event: 0.793 Thread 0x00007fad90ecd800 Uncommon trap: reason=class_check action=maybe_recompile pc=0x00000001255cd27c method=java.util.HashMap.getNode(Ljava/lang/Object;)Ljava/util/HashMap$Node; @ 128 c2
Event: 0.793 Thread 0x00007fad90ecd800 DEOPT PACKING pc=0x00000001255cd27c sp=0x00007ffee9918cc0
Event: 0.793 Thread 0x00007fad90ecd800 DEOPT UNPACKING pc=0x000000011db1d125 sp=0x00007ffee9918bd8 mode 2
Event: 0.793 Thread 0x00007fad90ecd800 Uncommon trap: trap_request=0xffffffde fr.pc=0x00000001255c69f8 relative=0x00000000000002d8
Event: 0.793 Thread 0x00007fad90ecd800 Uncommon trap: reason=class_check action=maybe_recompile pc=0x00000001255c69f8 method=java.util.HashMap.getNode(Ljava/lang/Object;)Ljava/util/HashMap$Node; @ 128 c2
Event: 0.793 Thread 0x00007fad90ecd800 DEOPT PACKING pc=0x00000001255c69f8 sp=0x00007ffee9918b80
Event: 0.793 Thread 0x00007fad90ecd800 DEOPT UNPACKING pc=0x000000011db1d125 sp=0x00007ffee9918b18 mode 2
Event: 0.822 Thread 0x00007fad90ecd800 DEOPT PACKING pc=0x000000011e17666e sp=0x00007ffee9918ca0
Event: 0.822 Thread 0x00007fad90ecd800 DEOPT UNPACKING pc=0x000000011db1cf2b sp=0x00007ffee99181d0 mode 0

Classes unloaded (0 events):
No events

Classes redefined (0 events):
No events

Internal exceptions (4 events):
Event: 0.492 Thread 0x00007fad90ecd800 Exception <a 'java/lang/NoSuchMethodError'{0x00000007e7777b40}: 'java.lang.Object java.lang.invoke.DirectMethodHandle$Holder.invokeStatic(java.lang.Object)'> (0x00000007e7777b40) 
thrown [./open/src/hotspot/share/interpreter/linkResolver.cpp, line 782]
Event: 0.492 Thread 0x00007fad90ecd800 Exception <a 'java/lang/NoSuchMethodError'{0x00000007e777b5d0}: 'java.lang.Object java.lang.invoke.DirectMethodHandle$Holder.invokeStaticInit(java.lang.Object)'> (0x00000007e777b5d0) 
thrown [./open/src/hotspot/share/interpreter/linkResolver.cpp, line 782]
Event: 0.495 Thread 0x00007fad90ecd800 Exception <a 'java/lang/NoSuchMethodError'{0x00000007e7782b68}: 'void java.lang.invoke.DirectMethodHandle$Holder.invokeSpecial(java.lang.Object, java.lang.Object, java.lang.Object)'> (0x00000007e7782b68) 
thrown [./open/src/hotspot/share/interpreter/linkResolver.cpp, line 782]
Event: 0.497 Thread 0x00007fad90ecd800 Exception <a 'java/lang/NoSuchMethodError'{0x00000007e778c618}: 'java.lang.Object java.lang.invoke.DirectMethodHandle$Holder.invokeInterface(java.lang.Object, java.lang.Object)'> (0x00000007e778c618) 
thrown [./open/src/hotspot/share/interpreter/linkResolver.cpp, line 782]

Events (20 events):
Event: 0.614 loading class java/util/LinkedHashMap$LinkedValues
Event: 0.615 loading class java/util/LinkedHashMap$LinkedValues done
Event: 0.615 loading class java/util/LinkedHashMap$LinkedValueIterator
Event: 0.615 loading class java/util/LinkedHashMap$LinkedValueIterator done
Event: 0.652 loading class org/w3c/dom/NodeList
Event: 0.652 loading class org/w3c/dom/NodeList done
Event: 0.670 loading class org/w3c/dom/DocumentFragment
Event: 0.670 loading class org/w3c/dom/DocumentFragment done
Event: 0.672 loading class org/w3c/dom/ProcessingInstruction
Event: 0.672 loading class org/w3c/dom/ProcessingInstruction done
Event: 0.673 loading class org/w3c/dom/Attr
Event: 0.673 loading class org/w3c/dom/Attr done
Event: 0.675 loading class org/w3c/dom/Comment
Event: 0.675 loading class org/w3c/dom/Comment done
Event: 0.692 loading class org/w3c/dom/NamedNodeMap
Event: 0.692 loading class org/w3c/dom/NamedNodeMap done
Event: 0.804 Executing VM operation: ICBufferFull
Event: 0.804 Executing VM operation: ICBufferFull done
Event: 0.804 Executing VM operation: HandshakeAllThreads
Event: 0.804 Executing VM operation: HandshakeAllThreads done


Dynamic libraries:
0x0000000107136000 	/Library/Frameworks/R.framework/Versions/4.0/Resources/lib/libR.dylib
0x00007fff22da4000 	/System/Library/Frameworks/AppKit.framework/Versions/C/AppKit
0x00007fff3320e000 	/System/Library/Frameworks/ApplicationServices.framework/Versions/A/ApplicationServices
0x00007fff20562000 	/System/Library/Frameworks/CoreFoundation.framework/Versions/A/CoreFoundation
0x00007fff2130f000 	/System/Library/Frameworks/Foundation.framework/Versions/C/Foundation
0x00007fff22c9b000 	/System/Library/Frameworks/IOKit.framework/Versions/A/IOKit
0x00007fff22376000 	/System/Library/Frameworks/Security.framework/Versions/A/Security
0x00007fff29e6e000 	/usr/lib/libbsm.0.dylib
0x00007fff26099000 	/usr/lib/libsqlite3.dylib
0x000000010762c000 	/Applications/RStudio.app/Contents/Frameworks/libpq.5.dylib
0x00007fff2a6bb000 	/usr/lib/libSystem.B.dylib
0x00007fff2a5f3000 	/usr/lib/libz.1.dylib
0x00007fff3004f000 	/System/Library/Frameworks/CoreServices.framework/Versions/A/CoreServices
0x0000000107675000 	/Applications/RStudio.app/Contents/Frameworks/libssl.1.1.dylib
0x00000001076f7000 	/Applications/RStudio.app/Contents/Frameworks/libcrypto.1.1.dylib
0x00007fff20448000 	/usr/lib/libc++.1.dylib
0x00007fff250e0000 	/System/Library/Frameworks/CoreGraphics.framework/Versions/A/CoreGraphics
0x00007fff21aff000 	/System/Library/Frameworks/CoreText.framework/Versions/A/CoreText
0x00007fff20382000 	/usr/lib/libobjc.A.dylib
0x00007fff23aed000 	/System/Library/PrivateFrameworks/UIFoundation.framework/Versions/A/UIFoundation
0x00007fff2fce4000 	/System/Library/PrivateFrameworks/RemoteViewServices.framework/Versions/A/RemoteViewServices
0x00007fff28aff000 	/System/Library/PrivateFrameworks/XCTTargetBootstrap.framework/Versions/A/XCTTargetBootstrap
0x00007fff2b7e4000 	/usr/lib/libspindump.dylib
0x00007fff23d3c000 	/System/Library/Frameworks/UniformTypeIdentifiers.framework/Versions/A/UniformTypeIdentifiers
0x00007fff272ff000 	/usr/lib/libapp_launch_measurement.dylib
0x00007fff27302000 	/System/Library/PrivateFrameworks/CoreAutoLayout.framework/Versions/A/CoreAutoLayout
0x00007fff28462000 	/System/Library/Frameworks/Metal.framework/Versions/A/Metal
0x00007fff2915c000 	/usr/lib/liblangid.dylib
0x00007fff28b03000 	/System/Library/PrivateFrameworks/CoreSVG.framework/Versions/A/CoreSVG
0x00007fff24d7b000 	/System/Library/PrivateFrameworks/SkyLight.framework/Versions/A/SkyLight
0x00007fff3020b000 	/System/Library/Frameworks/Accelerate.framework/Versions/A/Accelerate
0x00007fff2b222000 	/System/Library/PrivateFrameworks/IconServices.framework/Versions/A/IconServices
0x00007fff28446000 	/System/Library/Frameworks/IOSurface.framework/Versions/A/IOSurface
0x00007fff265eb000 	/usr/lib/libDiagnosticMessagesClient.dylib
0x00007fff28aeb000 	/System/Library/PrivateFrameworks/DFRFoundation.framework/Versions/A/DFRFoundation
0x00007fff226cb000 	/usr/lib/libicucore.A.dylib
0x00007fff2cd2b000 	/System/Library/Frameworks/AudioToolbox.framework/Versions/A/AudioToolbox
0x00007fff25c63000 	/System/Library/Frameworks/CoreData.framework/Versions/A/CoreData
0x00007fff2bfb5000 	/System/Library/PrivateFrameworks/DataDetectorsCore.framework/Versions/A/DataDetectorsCore
0x00007fff24cef000 	/usr/lib/libMobileGestalt.dylib
0x00007fff287ef000 	/System/Library/Frameworks/Carbon.framework/Versions/A/Frameworks/HIToolbox.framework/Versions/A/HIToolbox
0x00007fff26d45000 	/System/Library/Frameworks/QuartzCore.framework/Versions/A/QuartzCore
0x00007fff2fd1c000 	/System/Library/Frameworks/Carbon.framework/Versions/A/Frameworks/SpeechRecognition.framework/Versions/A/SpeechRecognition
0x00007fff27064000 	/System/Library/PrivateFrameworks/CoreUI.framework/Versions/A/CoreUI
0x00007fff21ce5000 	/System/Library/Frameworks/CoreAudio.framework/Versions/A/CoreAudio
0x00007fff266d6000 	/System/Library/Frameworks/DiskArbitration.framework/Versions/A/DiskArbitration
0x00007fff2bbb2000 	/System/Library/PrivateFrameworks/MultitouchSupport.framework/Versions/A/MultitouchSupport
0x00007fff2bfac000 	/System/Library/PrivateFrameworks/InternationalSupport.framework/Versions/A/InternationalSupport
0x00007fff24cee000 	/usr/lib/libenergytrace.dylib
0x00007fff27291000 	/System/Library/PrivateFrameworks/PerformanceAnalysis.framework/Versions/A/PerformanceAnalysis
0x00007fff6bb03000 	/System/Library/Frameworks/OpenGL.framework/Versions/A/OpenGL
0x00007fff2c030000 	/System/Library/PrivateFrameworks/UserActivity.framework/Versions/A/UserActivity
0x00007fff2576a000 	/System/Library/Frameworks/ColorSync.framework/Versions/A/ColorSync
0x00007fff28d6a000 	/System/Library/Frameworks/CoreImage.framework/Versions/A/CoreImage
0x00007fff28b2d000 	/System/Library/Frameworks/ImageIO.framework/Versions/A/ImageIO
0x00007fff2a6c1000 	/System/Library/PrivateFrameworks/SoftLinking.framework/Versions/A/SoftLinking
0x00007fff2734a000 	/usr/lib/libxml2.2.dylib
0x00007fff2a932000 	/usr/lib/libcompression.dylib
0x00007fff2bede000 	/System/Library/PrivateFrameworks/TextureIO.framework/Versions/A/TextureIO
0x00007fff2af61000 	/usr/lib/libate.dylib
0x00007fff2a6b5000 	/usr/lib/system/libcache.dylib
0x00007fff2a671000 	/usr/lib/system/libcommonCrypto.dylib
0x00007fff2a69b000 	/usr/lib/system/libcompiler_rt.dylib
0x00007fff2a690000 	/usr/lib/system/libcopyfile.dylib
0x00007fff20272000 	/usr/lib/system/libcorecrypto.dylib
0x00007fff2033d000 	/usr/lib/system/libdispatch.dylib
0x00007fff204f0000 	/usr/lib/system/libdyld.dylib
0x00007fff2a6ac000 	/usr/lib/system/libkeymgr.dylib
0x00007fff2dac2000 	/usr/lib/system/liblaunch.dylib
0x00007fff2a64f000 	/usr/lib/system/libmacho.dylib
0x00007fff29e47000 	/usr/lib/system/libquarantine.dylib
0x00007fff2a6a9000 	/usr/lib/system/libremovefile.dylib
0x00007fff24d4c000 	/usr/lib/system/libsystem_asl.dylib
0x00007fff20222000 	/usr/lib/system/libsystem_blocks.dylib
0x00007fff203bf000 	/usr/lib/system/libsystem_c.dylib
0x00007fff2a6a3000 	/usr/lib/system/libsystem_collections.dylib
0x00007fff2914d000 	/usr/lib/system/libsystem_configuration.dylib
0x00007fff28435000 	/usr/lib/system/libsystem_containermanager.dylib
0x00007fff2a3f2000 	/usr/lib/system/libsystem_coreservices.dylib
0x00007fff2292b000 	/usr/lib/system/libsystem_darwin.dylib
0x00007fff2a6ad000 	/usr/lib/system/libsystem_dnssd.dylib
0x00007fff203bc000 	/usr/lib/system/libsystem_featureflags.dylib
0x00007fff20536000 	/usr/lib/system/libsystem_info.dylib
0x00007fff2a606000 	/usr/lib/system/libsystem_m.dylib
0x00007fff20310000 	/usr/lib/system/libsystem_malloc.dylib
0x00007fff24cdf000 	/usr/lib/system/libsystem_networkextension.dylib
0x00007fff22d4a000 	/usr/lib/system/libsystem_notify.dylib
0x00007fff2ff51000 	/usr/lib/system/libsystem_product_info_filter.dylib
0x00007fff29151000 	/usr/lib/system/libsystem_sandbox.dylib
0x00007fff2a6a6000 	/usr/lib/system/libsystem_secinit.dylib
0x00007fff204b4000 	/usr/lib/system/libsystem_kernel.dylib
0x00007fff2052c000 	/usr/lib/system/libsystem_platform.dylib
0x00007fff204e4000 	/usr/lib/system/libsystem_pthread.dylib
0x00007fff26427000 	/usr/lib/system/libsystem_symptoms.dylib
0x00007fff2025a000 	/usr/lib/system/libsystem_trace.dylib
0x00007fff2a67d000 	/usr/lib/system/libunwind.dylib
0x00007fff20224000 	/usr/lib/system/libxpc.dylib
0x00007fff2049e000 	/usr/lib/libc++abi.dylib
0x00007fff2a688000 	/usr/lib/liboah.dylib
0x00007fff2ad46000 	/usr/lib/liblzma.5.dylib
0x00007fff21023000 	/System/Library/Frameworks/SystemConfiguration.framework/Versions/A/SystemConfiguration
0x00007fff2a6bd000 	/usr/lib/libfakelink.dylib
0x00007fff24840000 	/System/Library/Frameworks/CFNetwork.framework/Versions/A/CFNetwork
0x00007fff2a7fd000 	/usr/lib/libarchive.2.dylib
0x00007fff210a1000 	/usr/lib/libCRFSuite.dylib
0x00007fff241b9000 	/usr/lib/libnetwork.dylib
0x00007fff2a6c2000 	/usr/lib/libpcap.A.dylib
0x00007fff26420000 	/usr/lib/libdns_services.dylib
0x00007fff2ad5f000 	/usr/lib/libcoretls_cfhelpers.dylib
0x00007fff2a8fc000 	/usr/lib/libapple_nghttp2.dylib
0x00007fff2a655000 	/usr/lib/system/libkxld.dylib
0x00007fff2a3d5000 	/System/Library/PrivateFrameworks/AppleFSCompression.framework/Versions/A/AppleFSCompression
0x00007fff29e56000 	/usr/lib/libcoretls.dylib
0x00007fff2a92d000 	/usr/lib/libpam.2.dylib
0x00007fff2ae5d000 	/usr/lib/libxar.1.dylib
0x00007fff29158000 	/System/Library/PrivateFrameworks/AppleSystemInfo.framework/Versions/A/AppleSystemInfo
0x00007fff29a98000 	/System/Library/PrivateFrameworks/IOMobileFramebuffer.framework/Versions/A/IOMobileFramebuffer
0x00007fff2a3e5000 	/usr/lib/libbz2.1.0.dylib
0x00007fff2a6fa000 	/usr/lib/libiconv.2.dylib
0x00007fff2a64e000 	/usr/lib/libcharset.1.dylib
0x00007fff272cd000 	/System/Library/Frameworks/CoreServices.framework/Versions/A/Frameworks/FSEvents.framework/Versions/A/FSEvents
0x00007fff22935000 	/System/Library/Frameworks/CoreServices.framework/Versions/A/Frameworks/CarbonCore.framework/Versions/A/CarbonCore
0x00007fff2663b000 	/System/Library/Frameworks/CoreServices.framework/Versions/A/Frameworks/Metadata.framework/Versions/A/Metadata
0x00007fff2a3f7000 	/System/Library/Frameworks/CoreServices.framework/Versions/A/Frameworks/OSServices.framework/Versions/A/OSServices
0x00007fff2a86f000 	/System/Library/Frameworks/CoreServices.framework/Versions/A/Frameworks/SearchKit.framework/Versions/A/SearchKit
0x00007fff263ab000 	/System/Library/Frameworks/CoreServices.framework/Versions/A/Frameworks/AE.framework/Versions/A/AE
0x00007fff20a00000 	/System/Library/Frameworks/CoreServices.framework/Versions/A/Frameworks/LaunchServices.framework/Versions/A/LaunchServices
0x00007fff2acf6000 	/System/Library/Frameworks/CoreServices.framework/Versions/A/Frameworks/DictionaryServices.framework/Versions/A/DictionaryServices
0x00007fff272da000 	/System/Library/Frameworks/CoreServices.framework/Versions/A/Frameworks/SharedFileList.framework/Versions/A/SharedFileList
0x00007fff29e4a000 	/usr/lib/libCheckFix.dylib
0x00007fff24d63000 	/System/Library/PrivateFrameworks/TCC.framework/Versions/A/TCC
0x00007fff2915e000 	/System/Library/PrivateFrameworks/CoreNLP.framework/Versions/A/CoreNLP
0x00007fff265ee000 	/System/Library/PrivateFrameworks/MetadataUtilities.framework/Versions/A/MetadataUtilities
0x00007fff210d6000 	/usr/lib/libmecabra.dylib
0x00007fff2a154000 	/System/Library/Frameworks/MLCompute.framework/Versions/A/MLCompute
0x00007fff29e7f000 	/usr/lib/libmecab.dylib
0x00007fff29ec9000 	/usr/lib/libgermantok.dylib
0x00007fff2a8d7000 	/usr/lib/libThaiTokenizer.dylib
0x00007fff2ae98000 	/usr/lib/libChineseTokenizer.dylib
0x00007fff2a92b000 	/System/Library/Frameworks/MetalPerformanceShaders.framework/Versions/A/MetalPerformanceShaders
0x00007fff266dd000 	/System/Library/Frameworks/Accelerate.framework/Versions/A/Frameworks/vImage.framework/Versions/A/vImage
0x00007fff30029000 	/System/Library/Frameworks/Accelerate.framework/Versions/A/Frameworks/vecLib.framework/Versions/A/vecLib
0x00007fff2aea3000 	/System/Library/Frameworks/Accelerate.framework/Versions/A/Frameworks/vecLib.framework/Versions/A/libvMisc.dylib
0x00007fff298b3000 	/System/Library/Frameworks/Accelerate.framework/Versions/A/Frameworks/vecLib.framework/Versions/A/libvDSP.dylib
0x00007fff20d09000 	/System/Library/Frameworks/Accelerate.framework/Versions/A/Frameworks/vecLib.framework/Versions/A/libBLAS.dylib
0x00007fff2a958000 	/System/Library/Frameworks/Accelerate.framework/Versions/A/Frameworks/vecLib.framework/Versions/A/libLAPACK.dylib
0x00007fff29ecf000 	/System/Library/Frameworks/Accelerate.framework/Versions/A/Frameworks/vecLib.framework/Versions/A/libLinearAlgebra.dylib
0x00007fff2a914000 	/System/Library/Frameworks/Accelerate.framework/Versions/A/Frameworks/vecLib.framework/Versions/A/libSparseBLAS.dylib
0x00007fff2a952000 	/System/Library/Frameworks/Accelerate.framework/Versions/A/Frameworks/vecLib.framework/Versions/A/libQuadrature.dylib
0x00007fff2920a000 	/System/Library/Frameworks/Accelerate.framework/Versions/A/Frameworks/vecLib.framework/Versions/A/libBNNS.dylib
0x00007fff20fb4000 	/System/Library/Frameworks/Accelerate.framework/Versions/A/Frameworks/vecLib.framework/Versions/A/libSparse.dylib
0x00007fff290e6000 	/System/Library/Frameworks/MetalPerformanceShaders.framework/Versions/A/Frameworks/MPSCore.framework/Versions/A/MPSCore
0x00007fff2a344000 	/System/Library/Frameworks/MetalPerformanceShaders.framework/Versions/A/Frameworks/MPSImage.framework/Versions/A/MPSImage
0x00007fff29ee5000 	/System/Library/Frameworks/MetalPerformanceShaders.framework/Versions/A/Frameworks/MPSNeuralNetwork.framework/Versions/A/MPSNeuralNetwork
0x00007fff2a2b6000 	/System/Library/Frameworks/MetalPerformanceShaders.framework/Versions/A/Frameworks/MPSMatrix.framework/Versions/A/MPSMatrix
0x00007fff2a104000 	/System/Library/Frameworks/MetalPerformanceShaders.framework/Versions/A/Frameworks/MPSRayIntersector.framework/Versions/A/MPSRayIntersector
0x00007fff2a2ed000 	/System/Library/Frameworks/MetalPerformanceShaders.framework/Versions/A/Frameworks/MPSNDArray.framework/Versions/A/MPSNDArray
0x00007fff20c35000 	/System/Library/PrivateFrameworks/MetalTools.framework/Versions/A/MetalTools
0x00007fff29156000 	/System/Library/PrivateFrameworks/AggregateDictionary.framework/Versions/A/AggregateDictionary
0x00007fff265bb000 	/System/Library/PrivateFrameworks/CoreAnalytics.framework/Versions/A/CoreAnalytics
0x00007fff2a8d9000 	/System/Library/PrivateFrameworks/AppleSauce.framework/Versions/A/AppleSauce
0x00007fff28458000 	/System/Library/PrivateFrameworks/IOAccelerator.framework/Versions/A/IOAccelerator
0x00007fff6baf7000 	/System/Library/Frameworks/OpenGL.framework/Versions/A/Libraries/libCoreFSCache.dylib
0x00007fff2166e000 	/System/Library/PrivateFrameworks/LanguageModeling.framework/Versions/A/LanguageModeling
0x00007fff29a86000 	/System/Library/PrivateFrameworks/CoreEmoji.framework/Versions/A/CoreEmoji
0x00007fff29203000 	/System/Library/PrivateFrameworks/LinguisticData.framework/Versions/A/LinguisticData
0x00007fff20f66000 	/System/Library/PrivateFrameworks/Lexicon.framework/Versions/A/Lexicon
0x00007fff2a7eb000 	/usr/lib/libcmph.dylib
0x00007fff272ad000 	/System/Library/Frameworks/OpenDirectory.framework/Versions/A/Frameworks/CFOpenDirectory.framework/Versions/A/CFOpenDirectory
0x00007fff2729d000 	/System/Library/Frameworks/OpenDirectory.framework/Versions/A/OpenDirectory
0x00007fff2ad61000 	/System/Library/PrivateFrameworks/APFS.framework/Versions/A/APFS
0x00007fff29dac000 	/System/Library/Frameworks/SecurityFoundation.framework/Versions/A/SecurityFoundation
0x00007fff2ae6b000 	/usr/lib/libutil.dylib
0x00007fff22c60000 	/System/Library/PrivateFrameworks/CoreServicesStore.framework/Versions/A/CoreServicesStore
0x00007fff29e42000 	/System/Library/Frameworks/ServiceManagement.framework/Versions/A/ServiceManagement
0x00007fff2ae6f000 	/usr/lib/libxslt.1.dylib
0x00007fff29e38000 	/System/Library/PrivateFrameworks/BackgroundTaskManagement.framework/Versions/A/BackgroundTaskManagement
0x00007fff2be28000 	/System/Library/Frameworks/ImageIO.framework/Versions/A/Resources/libRadiance.dylib
0x00007fff2be32000 	/System/Library/Frameworks/ImageIO.framework/Versions/A/Resources/libJPEG.dylib
0x00007fff2bd7c000 	/System/Library/Frameworks/ImageIO.framework/Versions/A/Resources/libPng.dylib
0x00007fff2bda3000 	/System/Library/Frameworks/ImageIO.framework/Versions/A/Resources/libTIFF.dylib
0x00007fff2be87000 	/System/Library/Frameworks/ImageIO.framework/Versions/A/Resources/libGIF.dylib
0x00007fff2bace000 	/System/Library/Frameworks/ImageIO.framework/Versions/A/Resources/libJP2.dylib
0x00007fff2b1ea000 	/usr/lib/libexpat.1.dylib
0x00007fff2ba84000 	/System/Library/PrivateFrameworks/AppleJPEG.framework/Versions/A/AppleJPEG
0x00007fff2868e000 	/System/Library/PrivateFrameworks/FontServices.framework/libFontParser.dylib
0x00007fff26362000 	/System/Library/PrivateFrameworks/RunningBoardServices.framework/Versions/A/RunningBoardServices
0x00007fff2bbae000 	/System/Library/PrivateFrameworks/WatchdogClient.framework/Versions/A/WatchdogClient
0x00007fff21757000 	/System/Library/Frameworks/CoreDisplay.framework/Versions/A/CoreDisplay
0x00007fff285a3000 	/System/Library/Frameworks/CoreMedia.framework/Versions/A/CoreMedia
0x00007fff2742d000 	/System/Library/Frameworks/CoreVideo.framework/Versions/A/CoreVideo
0x00007fff2bbe9000 	/System/Library/Frameworks/VideoToolbox.framework/Versions/A/VideoToolbox
0x00007fff262e2000 	/System/Library/PrivateFrameworks/BaseBoard.framework/Versions/A/BaseBoard
0x00007fff2b32e000 	/System/Library/PrivateFrameworks/PersistentConnection.framework/Versions/A/PersistentConnection
0x00007fff26083000 	/System/Library/PrivateFrameworks/ProtocolBuffer.framework/Versions/A/ProtocolBuffer
0x00007fff262ca000 	/System/Library/PrivateFrameworks/CommonUtilities.framework/Versions/A/CommonUtilities
0x00007fff2ba47000 	/System/Library/PrivateFrameworks/Bom.framework/Versions/A/Bom
0x00007fff2be20000 	/System/Library/PrivateFrameworks/GPUWrangler.framework/Versions/A/GPUWrangler
0x00007fff2be03000 	/System/Library/PrivateFrameworks/IOPresentment.framework/Versions/A/IOPresentment
0x00007fff2be2c000 	/System/Library/PrivateFrameworks/DSExternalDisplay.framework/Versions/A/DSExternalDisplay
0x00007fff2be8c000 	/System/Library/PrivateFrameworks/CMCaptureCore.framework/Versions/A/CMCaptureCore
0x00007fff2b7ca000 	/System/Library/PrivateFrameworks/AppServerSupport.framework/Versions/A/AppServerSupport
0x00007fff2d865000 	/System/Library/PrivateFrameworks/perfdata.framework/Versions/A/perfdata
0x00007fff29d9b000 	/System/Library/PrivateFrameworks/AssertionServices.framework/Versions/A/AssertionServices
0x00007fff2188e000 	/System/Library/PrivateFrameworks/AudioToolboxCore.framework/Versions/A/AudioToolboxCore
0x00007fff28586000 	/System/Library/PrivateFrameworks/caulk.framework/Versions/A/caulk
0x00007fff3cc9d000 	/System/Library/PrivateFrameworks/SystemPolicy.framework/Versions/A/SystemPolicy
0x00007fff2aff9000 	/usr/lib/libIOReport.dylib
0x00007fff2d0a1000 	/usr/lib/libSMC.dylib
0x00007fff2bd48000 	/usr/lib/libAudioToolboxUtility.dylib
0x00007fff3d5f7000 	/usr/lib/libmis.dylib
0x00007fff6bb53000 	/System/Library/Frameworks/OpenGL.framework/Versions/A/Libraries/libGLU.dylib
0x00007fff6bb16000 	/System/Library/Frameworks/OpenGL.framework/Versions/A/Libraries/libGFXShared.dylib
0x00007fff6bd24000 	/System/Library/Frameworks/OpenGL.framework/Versions/A/Libraries/libGL.dylib
0x00007fff6bb1f000 	/System/Library/Frameworks/OpenGL.framework/Versions/A/Libraries/libGLImage.dylib
0x00007fff6bb13000 	/System/Library/Frameworks/OpenGL.framework/Versions/A/Libraries/libCVMSPluginSupport.dylib
0x00007fff6bafe000 	/System/Library/Frameworks/OpenGL.framework/Versions/A/Libraries/libCoreVMClient.dylib
0x00007fff6d16e000 	/System/Library/Frameworks/OpenCL.framework/Versions/A/OpenCL
0x00007fff2b357000 	/System/Library/PrivateFrameworks/GraphVisualizer.framework/Versions/A/GraphVisualizer
0x00007fff2b366000 	/System/Library/PrivateFrameworks/FaceCore.framework/Versions/A/FaceCore
0x00007fff2b782000 	/System/Library/PrivateFrameworks/OTSVG.framework/Versions/A/OTSVG
0x00007fff27022000 	/System/Library/Frameworks/ApplicationServices.framework/Versions/A/Frameworks/ATS.framework/Versions/A/Resources/libFontRegistry.dylib
0x00007fff2b7d1000 	/System/Library/PrivateFrameworks/FontServices.framework/libhvf.dylib
0x00007fff2b196000 	/System/Library/PrivateFrameworks/AppleVA.framework/Versions/A/AppleVA
0x00007fff2cee9000 	/System/Library/Frameworks/ApplicationServices.framework/Versions/A/Frameworks/ATS.framework/Versions/A/ATS
0x00007fff2d1fc000 	/System/Library/Frameworks/ApplicationServices.framework/Versions/A/Frameworks/ColorSyncLegacy.framework/Versions/A/ColorSyncLegacy
0x00007fff25861000 	/System/Library/Frameworks/ApplicationServices.framework/Versions/A/Frameworks/HIServices.framework/Versions/A/HIServices
0x00007fff2d1e1000 	/System/Library/Frameworks/ApplicationServices.framework/Versions/A/Frameworks/LangAnalysis.framework/Versions/A/LangAnalysis
0x00007fff2be96000 	/System/Library/Frameworks/ApplicationServices.framework/Versions/A/Frameworks/PrintCore.framework/Versions/A/PrintCore
0x00007fff2d204000 	/System/Library/Frameworks/ApplicationServices.framework/Versions/A/Frameworks/QD.framework/Versions/A/QD
0x00007fff2ced9000 	/System/Library/Frameworks/ApplicationServices.framework/Versions/A/Frameworks/SpeechSynthesis.framework/Versions/A/SpeechSynthesis
0x00007fff2be57000 	/System/Library/Frameworks/ApplicationServices.framework/Versions/A/Frameworks/ATSUI.framework/Versions/A/ATSUI
0x00007fff2d181000 	/usr/lib/libcups.2.dylib
0x00007fff2d1f1000 	/System/Library/PrivateFrameworks/NetAuth.framework/Versions/A/NetAuth
0x00007fff2d880000 	/System/Library/Frameworks/Kerberos.framework/Versions/A/Kerberos
0x00007fff2d890000 	/System/Library/Frameworks/GSS.framework/Versions/A/GSS
0x00007fff2cf56000 	/usr/lib/libresolv.9.dylib
0x00007fff2b7e7000 	/System/Library/PrivateFrameworks/Heimdal.framework/Versions/A/Heimdal
0x00007fff33523000 	/System/Library/Frameworks/Kerberos.framework/Versions/A/Libraries/libHeimdalProxy.dylib
0x00007fff2642f000 	/System/Library/Frameworks/Network.framework/Versions/A/Network
0x00007fff2b203000 	/usr/lib/libheimdal-asn1.dylib
0x00007fff2d8e1000 	/System/Library/PrivateFrameworks/CommonAuth.framework/Versions/A/CommonAuth
0x00007fff2747b000 	/System/Library/PrivateFrameworks/login.framework/Versions/A/Frameworks/loginsupport.framework/Versions/A/loginsupport
0x00007fff2ce60000 	/System/Library/PrivateFrameworks/AudioSession.framework/Versions/A/AudioSession
0x00007fff2cec6000 	/usr/lib/libAudioStatistics.dylib
0x00007fff2b28f000 	/System/Library/PrivateFrameworks/MediaExperience.framework/Versions/A/MediaExperience
0x00007fff2ccf9000 	/System/Library/PrivateFrameworks/AudioSession.framework/libSessionUtility.dylib
0x00007fff2d871000 	/usr/lib/libperfcheck.dylib
0x00007fff2d210000 	/System/Library/PrivateFrameworks/AudioResourceArbitration.framework/Versions/A/AudioResourceArbitration
0x00007fff2b20d000 	/System/Library/PrivateFrameworks/IconFoundation.framework/Versions/A/IconFoundation
0x00007fff2fd0c000 	/System/Library/PrivateFrameworks/SpeechRecognitionCore.framework/Versions/A/SpeechRecognitionCore
0x000000010792d000 	/Applications/RStudio.app/Contents/Frameworks/libgssapi_krb5.2.2.dylib
0x00007fff32cf6000 	/System/Library/Frameworks/LDAP.framework/Versions/A/LDAP
0x000000010797c000 	/Applications/RStudio.app/Contents/Frameworks/libkrb5.3.3.dylib
0x0000000107a39000 	/Applications/RStudio.app/Contents/Frameworks/libk5crypto.3.1.dylib
0x0000000107a6a000 	/Applications/RStudio.app/Contents/Frameworks/libcom_err.3.0.dylib
0x0000000107a7a000 	/Applications/RStudio.app/Contents/Frameworks/libkrb5support.1.1.dylib
0x00007fff2cf6f000 	/usr/lib/libsasl2.2.dylib
0x00007fff3027d000 	/System/Library/PrivateFrameworks/CoreDaemon.framework/Versions/B/CoreDaemon
0x00007fff30278000 	/System/Library/PrivateFrameworks/AppleSRP.framework/Versions/A/AppleSRP
0x0000000107a8b000 	/Library/Frameworks/R.framework/Versions/4.0/Resources/lib/libRblas.dylib
0x0000000107ac3000 	/Library/Frameworks/R.framework/Versions/4.0/Resources/lib/libgfortran.5.dylib
0x0000000107d7d000 	/Library/Frameworks/R.framework/Versions/4.0/Resources/lib/libquadmath.0.dylib
0x00007fff40dfd000 	/usr/lib/libncurses.5.4.dylib
0x0000000107dc9000 	/Library/Frameworks/R.framework/Versions/4.0/Resources/lib/libgcc_s.1.dylib
0x0000000109c90000 	/Library/Frameworks/R.framework/Versions/4.0/Resources/library/methods/libs/methods.so
0x0000000109ca8000 	/Library/Frameworks/R.framework/Versions/4.0/Resources/library/utils/libs/utils.so
0x0000000109cc0000 	/Library/Frameworks/R.framework/Versions/4.0/Resources/library/grDevices/libs/grDevices.so
0x00007fff2b8a8000 	/System/Library/PrivateFrameworks/login.framework/Versions/A/login
0x0000000109d1c000 	/Library/Frameworks/R.framework/Versions/4.0/Resources/library/graphics/libs/graphics.so
0x0000000109d6c000 	/Library/Frameworks/R.framework/Versions/4.0/Resources/library/stats/libs/stats.so
0x0000000109e38000 	/Library/Frameworks/R.framework/Versions/4.0/Resources/lib/libRlapack.dylib
0x000000010a06c000 	/Library/Frameworks/R.framework/Versions/4.0/Resources/library/tools/libs/tools.so
0x000000010a090000 	/Library/Frameworks/R.framework/Versions/4.0/Resources/modules/internet.so
0x00007fff32fd0000 	/usr/lib/libcurl.4.dylib
0x00007fff32d30000 	/usr/lib/libcrypto.44.dylib
0x00007fff32e36000 	/usr/lib/libssl.46.dylib
0x00007fff32d2e000 	/System/Library/PrivateFrameworks/TrustEvaluationAgent.framework/Versions/A/TrustEvaluationAgent
0x0000000107975000 	/Library/Frameworks/R.framework/Versions/4.0/Resources/library/xfun/libs/xfun.so
0x000000010a1b8000 	/Library/Frameworks/R.framework/Versions/4.0/Resources/library/Rcpp/libs/Rcpp.so
0x000000010a251000 	/Library/Frameworks/R.framework/Versions/4.0/Resources/library/grid/libs/grid.so
0x000000010a285000 	/Library/Frameworks/R.framework/Versions/4.0/Resources/library/rlang/libs/rlang.so
0x000000010a2bd000 	/Library/Frameworks/R.framework/Versions/4.0/Resources/library/colorspace/libs/colorspace.so
0x0000000107a75000 	/Library/Frameworks/R.framework/Versions/4.0/Resources/library/glue/libs/glue.so
0x00000001076f3000 	/Library/Frameworks/R.framework/Versions/4.0/Resources/library/ellipsis/libs/ellipsis.so
0x000000010a2cf000 	/Library/Frameworks/R.framework/Versions/4.0/Resources/library/magrittr/libs/magrittr.so
0x000000010a2d5000 	/Library/Frameworks/R.framework/Versions/4.0/Resources/library/fansi/libs/fansi.so
0x000000010a2e7000 	/Library/Frameworks/R.framework/Versions/4.0/Resources/library/utf8/libs/utf8.so
0x000000010a336000 	/Library/Frameworks/R.framework/Versions/4.0/Resources/library/vctrs/libs/vctrs.so
0x000000010a45c000 	/Library/Frameworks/R.framework/Versions/4.0/Resources/library/tibble/libs/tibble.so
0x000000010a462000 	/Library/Frameworks/R.framework/Versions/4.0/Resources/library/purrr/libs/purrr.so
0x000000010a46c000 	/Library/Frameworks/R.framework/Versions/4.0/Resources/library/dplyr/libs/dplyr.so
0x000000010a47e000 	/Library/Frameworks/R.framework/Versions/4.0/Resources/library/ggrepel/libs/ggrepel.so
0x000000010a4ac000 	/Library/Frameworks/R.framework/Versions/4.0/Resources/library/parallel/libs/parallel.so
0x000000010a4c0000 	/Library/Frameworks/R.framework/Versions/4.0/Resources/library/matrixStats/libs/matrixStats.so
0x000000010e800000 	/Library/Frameworks/R.framework/Versions/4.0/Resources/library/S4Vectors/libs/S4Vectors.so
0x000000010a713000 	/Library/Frameworks/R.framework/Versions/4.0/Resources/library/IRanges/libs/IRanges.so
0x000000010a736000 	/Library/Frameworks/R.framework/Versions/4.0/Resources/library/bitops/libs/bitops.so
0x000000010a73b000 	/Library/Frameworks/R.framework/Versions/4.0/Resources/library/RCurl/libs/RCurl.so
0x000000010a74d000 	/Library/Frameworks/R.framework/Versions/4.0/Resources/library/XVector/libs/XVector.so
0x000000010a772000 	/Library/Frameworks/R.framework/Versions/4.0/Resources/library/GenomicRanges/libs/GenomicRanges.so
0x000000010a783000 	/Library/Frameworks/R.framework/Versions/4.0/Resources/library/Biobase/libs/Biobase.so
0x000000010a78a000 	/Library/Frameworks/R.framework/Versions/4.0/Resources/library/lattice/libs/lattice.so
0x000000010ed60000 	/Library/Frameworks/R.framework/Versions/4.0/Resources/library/Matrix/libs/Matrix.so
0x000000010a78f000 	/Library/Frameworks/R.framework/Versions/4.0/Resources/library/DelayedArray/libs/DelayedArray.so
0x000000010a7a0000 	/Library/Frameworks/R.framework/Versions/4.0/Resources/library/tidyr/libs/tidyr.so
0x000000010a7bd000 	/Library/Frameworks/R.framework/Versions/4.0/Resources/library/digest/libs/digest.so
0x000000010ee42000 	/Library/Frameworks/R.framework/Versions/4.0/Resources/library/png/libs/png.so
0x000000010ee83000 	/Library/Frameworks/R.framework/Versions/4.0/Resources/library/Cairo/libs/Cairo.so
0x000000010a7e5000 	/opt/X11/lib/libXrender.1.dylib
0x000000010f358000 	/opt/X11/lib/libSM.6.dylib
0x000000010f36c000 	/opt/X11/lib/libICE.6.dylib
0x000000010f38c000 	/opt/X11/lib/libX11.6.dylib
0x000000010f4b0000 	/opt/X11/lib/libXext.6.dylib
0x000000010f4cc000 	/opt/X11/lib/libxcb.1.dylib
0x000000010f4f8000 	/opt/X11/lib/libXau.6.dylib
0x000000010f508000 	/Library/Frameworks/R.framework/Versions/4.0/Resources/library/rjson/libs/rjson.so
0x000000010f515000 	/Library/Frameworks/R.framework/Versions/4.0/Resources/library/cluster/libs/cluster.so
0x000000010f52a000 	/Library/Frameworks/R.framework/Versions/4.0/Resources/library/clue/libs/clue.so
0x000000010f533000 	/Library/Frameworks/R.framework/Versions/4.0/Resources/library/BiocParallel/libs/BiocParallel.so
0x000000010f552000 	/Library/Frameworks/R.framework/Versions/4.0/Resources/library/ncdf4/libs/ncdf4.so
0x000000010fa67000 	/Library/Frameworks/R.framework/Versions/4.0/Resources/library/mzR/libs/mzR.so
0x0000000107a66000 	/Library/Frameworks/R.framework/Versions/4.0/Resources/library/impute/libs/impute.so
0x0000000110653000 	/Library/Frameworks/R.framework/Versions/4.0/Resources/library/XML/libs/XML.so
0x000000010a7f9000 	/Library/Frameworks/R.framework/Versions/4.0/Resources/library/MALDIquant/libs/MALDIquant.so
0x0000000110803000 	/Library/Frameworks/R.framework/Versions/4.0/Resources/library/MASS/libs/MASS.so
0x000000011080d000 	/Library/Frameworks/R.framework/Versions/4.0/Resources/library/pcaMethods/libs/pcaMethods.so
0x000000011082a000 	/Library/Frameworks/R.framework/Versions/4.0/Resources/library/plyr/libs/plyr.so
0x0000000110843000 	/Library/Frameworks/R.framework/Versions/4.0/Resources/library/preprocessCore/libs/preprocessCore.so
0x0000000110882000 	/Library/Frameworks/R.framework/Versions/4.0/Resources/library/affyio/libs/affyio.so
0x00000001108b6000 	/Library/Frameworks/R.framework/Versions/4.0/Resources/library/affy/libs/affy.so
0x00000001108c3000 	/Library/Frameworks/R.framework/Versions/4.0/Resources/library/limma/libs/limma.so
0x00000001108c9000 	/Library/Frameworks/R.framework/Versions/4.0/Resources/library/vsn/libs/vsn.so
0x00000001108d1000 	/Library/Frameworks/R.framework/Versions/4.0/Resources/library/MSnbase/libs/MSnbase.so
0x0000000110fa5000 	/Library/Frameworks/R.framework/Versions/4.0/Resources/library/mvtnorm/libs/mvtnorm.so
0x00000001108f1000 	/Library/Frameworks/R.framework/Versions/4.0/Resources/library/zoo/libs/zoo.so
0x00000001108f7000 	/Library/Frameworks/R.framework/Versions/4.0/Resources/library/gmm/libs/gmm.so
0x00000001108fe000 	/usr/local/gfortran/lib/libgomp.1.dylib
0x000000011095a000 	/usr/local/gfortran/lib/libgcc_s.1.dylib
0x0000000110982000 	/Library/Frameworks/R.framework/Versions/4.0/Resources/library/tmvtnorm/libs/tmvtnorm.so
0x000000011098c000 	/Library/Frameworks/R.framework/Versions/4.0/Resources/library/norm/libs/norm.so
0x0000000110997000 	/Library/Frameworks/R.framework/Versions/4.0/Resources/library/htmltools/libs/htmltools.so
0x000000011099b000 	/Library/Frameworks/R.framework/Versions/4.0/Resources/library/later/libs/later.so
0x00000001109de000 	/Library/Frameworks/R.framework/Versions/4.0/Resources/library/promises/libs/promises.so
0x00000001109f8000 	/Library/Frameworks/R.framework/Versions/4.0/Resources/library/readr/libs/readr.so
0x0000000110a86000 	/Library/Frameworks/R.framework/Versions/4.0/Resources/library/tzdb/libs/tzdb.so
0x0000000110ad3000 	/Library/Frameworks/R.framework/Versions/4.0/Resources/library/httpuv/libs/httpuv.so
0x0000000110bd6000 	/Library/Frameworks/R.framework/Versions/4.0/Resources/library/mime/libs/mime.so
0x0000000110bda000 	/Library/Frameworks/R.framework/Versions/4.0/Resources/library/fastmap/libs/fastmap.so
0x000000011162c000 	/Library/Frameworks/R.framework/Versions/4.0/Resources/library/stringi/libs/stringi.so
0x0000000110bea000 	/Library/Frameworks/R.framework/Versions/4.0/Resources/library/MsCoreUtils/libs/MsCoreUtils.so
0x0000000110bef000 	/Library/Frameworks/R.framework/Versions/4.0/Resources/library/cachem/libs/cachem.so
0x0000000110bf3000 	/Library/Frameworks/R.framework/Versions/4.0/Resources/library/backports/libs/backports.so
0x0000000110bf7000 	/Library/Frameworks/R.framework/Versions/4.0/Resources/library/haven/libs/haven.so
0x0000000110c78000 	/Library/Frameworks/R.framework/Versions/4.0/Resources/library/jsonlite/libs/jsonlite.so
0x0000000110c8b000 	/Library/Frameworks/R.framework/Versions/4.0/Resources/library/lubridate/libs/lubridate.so
0x0000000110ccf000 	/Library/Frameworks/R.framework/Versions/4.0/Resources/library/readxl/libs/readxl.so
0x0000000110d32000 	/Library/Frameworks/R.framework/Versions/4.0/Resources/library/fs/libs/fs.so
0x0000000113905000 	/Library/Frameworks/R.framework/Versions/4.0/Resources/library/xml2/libs/xml2.so
0x0000000110d6e000 	/Library/Frameworks/R.framework/Versions/4.0/Resources/library/cli/libs/cli.so
0x0000000110d7a000 	/Library/Frameworks/R.framework/Versions/4.0/Resources/library/testthat/libs/testthat.so
0x0000000113ab0000 	/Library/Frameworks/R.framework/Versions/4.0/Resources/library/systemfonts/libs/systemfonts.so
0x0000000113c16000 	/Library/Frameworks/R.framework/Versions/4.0/Resources/library/svglite/libs/svglite.so
0x0000000113c8d000 	/Library/Frameworks/R.framework/Versions/4.0/Resources/library/sass/libs/sass.so
0x0000000110e27000 	/Library/Frameworks/R.framework/Versions/4.0/Resources/library/curl/libs/curl.so
0x0000000113f14000 	/Library/Frameworks/R.framework/Versions/4.0/Resources/library/data.table/libs/datatable.so
0x0000000110e38000 	/Library/Frameworks/R.framework/Versions/4.0/Resources/library/foreign/libs/foreign.so
0x0000000110e60000 	/Library/Frameworks/R.framework/Versions/4.0/Resources/library/zip/libs/zip.so
0x0000000113f94000 	/Library/Frameworks/R.framework/Versions/4.0/Resources/library/openxlsx/libs/openxlsx.so
0x0000000114029000 	/Library/Frameworks/R.framework/Versions/4.0/Resources/library/yaml/libs/yaml.so
0x0000000110e7e000 	/Library/Frameworks/R.framework/Versions/4.0/Resources/library/uuid/libs/uuid.so
0x00007fff2c08e000 	/System/Library/Frameworks/MediaToolbox.framework/Versions/A/MediaToolbox
0x00007fff31065000 	/System/Library/PrivateFrameworks/CoreAVCHD.framework/Versions/A/CoreAVCHD
0x00007fff3024c000 	/System/Library/Frameworks/MediaAccessibility.framework/Versions/A/MediaAccessibility
0x00007fff31061000 	/System/Library/PrivateFrameworks/Mangrove.framework/Versions/A/Mangrove
0x00007fff30258000 	/System/Library/PrivateFrameworks/AlgosScoreFramework.framework/Versions/A/AlgosScoreFramework
0x00007fff31a4f000 	/System/Library/PrivateFrameworks/AppleVPA.framework/Versions/A/AppleVPA
0x00007fff30ca6000 	/System/Library/PrivateFrameworks/CoreAUC.framework/Versions/A/CoreAUC
0x00007fff412b9000 	/System/Library/Frameworks/Accelerate.framework/Versions/A/Frameworks/vImage.framework/Versions/A/Libraries/libCGInterfaces.dylib
0x000000011405e000 	/Library/Frameworks/R.framework/Versions/4.0/Resources/library/BiocNeighbors/libs/BiocNeighbors.so
0x00000001140f4000 	/Library/Frameworks/R.framework/Versions/4.0/Resources/library/irlba/libs/irlba.so
0x0000000114103000 	/Library/Frameworks/R.framework/Versions/4.0/Resources/library/BiocSingular/libs/BiocSingular.so
0x0000000114141000 	/Library/Frameworks/R.framework/Versions/4.0/Resources/library/sparseMatrixStats/libs/sparseMatrixStats.so
0x0000000114191000 	/Library/Frameworks/R.framework/Versions/4.0/Resources/library/igraph/libs/igraph.so
0x00000001146d0000 	/Library/Frameworks/R.framework/Versions/4.0/Resources/library/bluster/libs/bluster.so
0x00000001146f5000 	/Library/Frameworks/R.framework/Versions/4.0/Resources/library/dqrng/libs/dqrng.so
0x000000011472c000 	/Library/Frameworks/R.framework/Versions/4.0/Resources/library/locfit/libs/locfit.so
0x0000000114786000 	/Library/Frameworks/R.framework/Versions/4.0/Resources/library/edgeR/libs/edgeR.so
0x00000001147d1000 	/Library/Frameworks/R.framework/Versions/4.0/Resources/library/scuttle/libs/scuttle.so
0x0000000114820000 	/Library/Frameworks/R.framework/Versions/4.0/Resources/library/statmod/libs/statmod.so
0x0000000114825000 	/Library/Frameworks/R.framework/Versions/4.0/Resources/library/scran/libs/scran.so
0x0000000114892000 	/Library/Frameworks/R.framework/Versions/4.0/Resources/library/reticulate/libs/reticulate.so
0x0000000114910000 	/Library/Frameworks/R.framework/Versions/4.0/Resources/library/softImpute/libs/softImpute.so
0x0000000114915000 	/Library/Frameworks/R.framework/Versions/4.0/Resources/modules/lapack.so
0x000000011492d000 	/Library/Frameworks/R.framework/Versions/4.0/Resources/library/reshape2/libs/reshape2.so
0x000000011494e000 	/Library/Frameworks/R.framework/Versions/4.0/Resources/library/fdrtool/libs/fdrtool.so
0x0000000114954000 	/Library/Frameworks/R.framework/Versions/4.0/Resources/library/lazyeval/libs/lazyeval.so
0x000000011495a000 	/Users/hailey/Library/Java/JavaVirtualMachines/openjdk-15/Contents/Home/lib/server/libjvm.dylib
0x0000000115980000 	/Library/Frameworks/R.framework/Versions/4.0/Resources/library/rJava/libs/rJava.so
0x0000000115994000 	/Users/hailey/Library/Java/JavaVirtualMachines/openjdk-15/Contents/Home/lib/libjimage.dylib
0x000000011daa4000 	/Users/hailey/Library/Java/JavaVirtualMachines/openjdk-15/Contents/Home/lib/libjava.dylib
0x00000001307d4000 	/Users/hailey/Library/Java/JavaVirtualMachines/openjdk-15/Contents/Home/lib/libnio.dylib
0x00000001307e8000 	/Users/hailey/Library/Java/JavaVirtualMachines/openjdk-15/Contents/Home/lib/libnet.dylib
0x0000000130801000 	/Users/hailey/Library/Java/JavaVirtualMachines/openjdk-15/Contents/Home/lib/libzip.dylib
0x000000013080f000 	/Users/hailey/Library/Java/JavaVirtualMachines/openjdk-15/Contents/Home/lib/libverify.dylib
0x0000000130824000 	/Library/Frameworks/R.framework/Versions/4.0/Resources/library/farver/libs/farver.so
0x0000000130ba8000 	/System/Library/CoreServices/Encodings/libSymbolConverter.dylib


VM Arguments:
jvm_args: -Djava.awt.headless=true -Xmx512m -Xrs vfprintf exit -Xss2m 
java_command: <unknown>
java_class_path (initial): /Library/Frameworks/R.framework/Versions/4.0/Resources/library/rJava/java/boot
Launcher Type: generic

[Global flags]
     intx CICompilerCount                          = 4                                         {product} {ergonomic}
     uint ConcGCThreads                            = 2                                         {product} {ergonomic}
     uint G1ConcRefinementThreads                  = 8                                         {product} {ergonomic}
   size_t G1HeapRegionSize                         = 1048576                                   {product} {ergonomic}
    uintx GCDrainStackTargetSize                   = 64                                        {product} {ergonomic}
   size_t InitialHeapSize                          = 134217728                                 {product} {ergonomic}
   size_t MarkStackSize                            = 4194304                                   {product} {ergonomic}
   size_t MaxHeapSize                              = 536870912                                 {product} {command line}
   size_t MaxNewSize                               = 321912832                                 {product} {ergonomic}
   size_t MinHeapDeltaBytes                        = 1048576                                   {product} {ergonomic}
   size_t MinHeapSize                              = 8388608                                   {product} {ergonomic}
    uintx NonNMethodCodeHeapSize                   = 5839372                                {pd product} {ergonomic}
    uintx NonProfiledCodeHeapSize                  = 122909434                              {pd product} {ergonomic}
    uintx ProfiledCodeHeapSize                     = 122909434                              {pd product} {ergonomic}
     bool ReduceSignalUsage                        = true                                      {product} {command line}
    uintx ReservedCodeCacheSize                    = 251658240                              {pd product} {ergonomic}
     bool SegmentedCodeCache                       = true                                      {product} {ergonomic}
   size_t SoftMaxHeapSize                          = 536870912                              {manageable} {ergonomic}
     intx ThreadStackSize                          = 2048                                   {pd product} {command line}
     bool UseCompressedClassPointers               = true                                 {lp64_product} {ergonomic}
     bool UseCompressedOops                        = true                                 {lp64_product} {ergonomic}
     bool UseG1GC                                  = true                                      {product} {ergonomic}
     bool UseNUMA                                  = false                                     {product} {ergonomic}
     bool UseNUMAInterleaving                      = false                                     {product} {ergonomic}

Logging:
Log output configuration:
 #0: stdout all=warning uptime,level,tags
 #1: stderr all=off uptime,level,tags

Environment Variables:
PATH=/usr/bin:/bin:/usr/sbin:/sbin:/usr/local/bin:/opt/X11/bin:/Applications/RStudio.app/Contents/MacOS/postback
SHELL=/bin/bash
DISPLAY=/private/tmp/com.apple.launchd.WkqC14NQZ9/org.xquartz:0
LANG=en_AU.UTF-8
LC_CTYPE=en_AU.UTF-8
DYLD_LIBRARY_PATH=/Users/hailey/Library/Java/JavaVirtualMachines/openjdk-15/Contents/Home/lib/server
DYLD_FALLBACK_LIBRARY_PATH=/Library/Frameworks/R.framework/Resources/lib:/Users/hailey/lib:/usr/local/lib:/usr/lib:::/lib:/Library/Java/JavaVirtualMachines/jdk1.8.0_241.jdk/Contents/Home/jre/lib/server

Signal Handlers:
SIGSEGV: [libjvm.dylib+0xa0c560], sa_mask[0]=11111111011111110111111111111111, sa_flags=SA_ONSTACK|SA_RESTART|SA_SIGINFO
SIGBUS: [libjvm.dylib+0xa0c560], sa_mask[0]=11111111011111110111111111111111, sa_flags=SA_RESTART|SA_SIGINFO
SIGFPE: [libjvm.dylib+0xa0c560], sa_mask[0]=11111111011111110111111111111111, sa_flags=SA_RESTART|SA_SIGINFO
SIGPIPE: [libjvm.dylib+0x82a870], sa_mask[0]=11111111011111110111111111111111, sa_flags=SA_RESTART|SA_SIGINFO
SIGXFSZ: [libjvm.dylib+0x82a870], sa_mask[0]=11111111011111110111111111111111, sa_flags=SA_RESTART|SA_SIGINFO
SIGILL: [libjvm.dylib+0xa0c560], sa_mask[0]=11111111011111110111111111111111, sa_flags=SA_RESTART|SA_SIGINFO
SIGUSR2: [libjvm.dylib+0x82b380], sa_mask[0]=10000000000000000000000000000000, sa_flags=SA_RESTART|SA_SIGINFO
SIGHUP: SIG_DFL, sa_mask[0]=00000000000000000000000000000000, sa_flags=none
SIGINT: [rsession+0x172130], sa_mask[0]=00000000000000000000000000000000, sa_flags=SA_RESTART
SIGTERM: SIG_DFL, sa_mask[0]=00000000000000000000000000000000, sa_flags=none
SIGQUIT: SIG_DFL, sa_mask[0]=00000000000000000000000000000000, sa_flags=none


---------------  S Y S T E M  ---------------

OS:uname: Darwin 20.5.0 Darwin Kernel Version 20.5.0: Sat May  8 05:10:33 PDT 2021; root:xnu-7195.121.3~9/RELEASE_X86_64 x86_64
OS uptime: 55 days 1:08 hours
rlimit (soft/hard): STACK 8192k/65532k , CORE 0k/infinity , NPROC 1392/2088 , NOFILE 10240/infinity , AS infinity/infinity , CPU infinity/infinity , DATA infinity/infinity , FSIZE infinity/infinity , MEMLOCK infinity/infinity , RSS infinity/infinity
load average: 3.23 3.51 3.53

CPU: total 8 (initial active 8) (4 cores per cpu, 2 threads per core) family 6 model 142 stepping 10, cmov, cx8, fxsr, mmx, sse, sse2, sse3, ssse3, sse4.1, sse4.2, popcnt, vzeroupper, avx, avx2, aes, clmul, erms, 3dnowpref, lzcnt, ht, tsc, tscinvbit, bmi1, bmi2, adx, fma, clflush, clflushopt

Memory: 4k page, physical 8388608k(36228k free), swap 8388608k(1313280k free)

vm_info: OpenJDK 64-Bit Server VM (15+36-1562) for bsd-amd64 JRE (15+36-1562), built on Aug 11 2020 21:33:19 by "mach5one" with clang 4.2.1 Compatible Apple LLVM 10.0.0 (clang-1000.11.45.5)

END.
